ERROR - 2023-01-15 02:43:44 --> mysqli_sql_exception: Table 'flc.flcenrollment' doesn't exist in C:\Old Windows\Windows NT\System\work\germanschool\system\Database\MySQLi\Connection.php:292
Stack trace:
#0 C:\Old Windows\Windows NT\System\work\germanschool\system\Database\MySQLi\Connection.php(292): mysqli->query()
#1 C:\Old Windows\Windows NT\System\work\germanschool\system\Database\BaseConnection.php(666): CodeIgniter\Database\MySQLi\Connection->execute()
#2 C:\Old Windows\Windows NT\System\work\germanschool\system\Database\BaseConnection.php(593): CodeIgniter\Database\BaseConnection->simpleQuery()
#3 C:\Old Windows\Windows NT\System\work\germanschool\system\Database\BaseBuilder.php(1916): CodeIgniter\Database\BaseConnection->query()
#4 C:\Old Windows\Windows NT\System\work\germanschool\app\Controllers\Home.php(175): CodeIgniter\Database\BaseBuilder->insert()
#5 C:\Old Windows\Windows NT\System\work\germanschool\system\CodeIgniter.php(925): App\Controllers\Home->Enrollment()
#6 C:\Old Windows\Windows NT\System\work\germanschool\system\CodeIgniter.php(480): CodeIgniter\CodeIgniter->runController()
#7 C:\Old Windows\Windows NT\System\work\germanschool\system\CodeIgniter.php(349): CodeIgniter\CodeIgniter->handleRequest()
#8 C:\Old Windows\Windows NT\System\work\germanschool\public\index.php(67): CodeIgniter\CodeIgniter->run()
#9 C:\Old Windows\Windows NT\System\work\germanschool\system\Commands\Server\rewrite.php(47): require_once('...')
#10 {main}
CRITICAL - 2023-01-15 02:52:34 --> Invalid file: Login.php
in SYSTEMPATH\Exceptions\FrameworkException.php on line 33.
 1 SYSTEMPATH\View\View.php(201): CodeIgniter\Exceptions\FrameworkException::forInvalidFile()
 2 SYSTEMPATH\Common.php(1135): CodeIgniter\View\View->render()
 3 APPPATH\Controllers\Home.php(18): view()
 4 SYSTEMPATH\CodeIgniter.php(925): App\Controllers\Home->Login()
 5 SYSTEMPATH\CodeIgniter.php(480): CodeIgniter\CodeIgniter->runController()
 6 SYSTEMPATH\CodeIgniter.php(349): CodeIgniter\CodeIgniter->handleRequest()
 7 FCPATH\index.php(67): CodeIgniter\CodeIgniter->run()
 8 SYSTEMPATH\Commands\Server\rewrite.php(47): require_once('FCPATH\\index.php')
CRITICAL - 2023-01-15 02:58:52 --> Invalid file: Login.php
in SYSTEMPATH\Exceptions\FrameworkException.php on line 33.
 1 SYSTEMPATH\View\View.php(201): CodeIgniter\Exceptions\FrameworkException::forInvalidFile()
 2 SYSTEMPATH\Common.php(1135): CodeIgniter\View\View->render()
 3 APPPATH\Controllers\Home.php(18): view()
 4 SYSTEMPATH\CodeIgniter.php(925): App\Controllers\Home->Login()
 5 SYSTEMPATH\CodeIgniter.php(480): CodeIgniter\CodeIgniter->runController()
 6 SYSTEMPATH\CodeIgniter.php(349): CodeIgniter\CodeIgniter->handleRequest()
 7 FCPATH\index.php(67): CodeIgniter\CodeIgniter->run()
 8 SYSTEMPATH\Commands\Server\rewrite.php(47): require_once('FCPATH\\index.php')
CRITICAL - 2023-01-15 03:29:11 --> Undefined array key "userid"
in APPPATH\Controllers\Home.php on line 34.
 1 APPPATH\Controllers\Home.php(34): CodeIgniter\Debug\Exceptions->errorHandler()
 2 SYSTEMPATH\CodeIgniter.php(925): App\Controllers\Home->loginfunc()
 3 SYSTEMPATH\CodeIgniter.php(480): CodeIgniter\CodeIgniter->runController()
 4 SYSTEMPATH\CodeIgniter.php(349): CodeIgniter\CodeIgniter->handleRequest()
 5 FCPATH\index.php(67): CodeIgniter\CodeIgniter->run()
 6 SYSTEMPATH\Commands\Server\rewrite.php(47): require_once('FCPATH\\index.php')
