CRITICAL - 2023-01-08 21:42:39 --> syntax error, unexpected ''default'' (T_CONSTANT_ENCAPSED_STRING), expecting function (T_FUNCTION) or const (T_CONST)
in APPPATH/Config/Database.php on line 33.
 1 SYSTEMPATH/Autoloader/Autoloader.php(260): CodeIgniter\Autoloader\Autoloader->includeFile()
 2 SYSTEMPATH/Autoloader/Autoloader.php(238): CodeIgniter\Autoloader\Autoloader->loadInNamespace()
 3 [internal function]: CodeIgniter\Autoloader\Autoloader->loadClass()
 4 SYSTEMPATH/Debug/Toolbar/Collectors/Database.php(250): spl_autoload_call()
 5 SYSTEMPATH/Debug/Toolbar/Collectors/Database.php(70): CodeIgniter\Debug\Toolbar\Collectors\Database->getConnections()
 6 SYSTEMPATH/Debug/Toolbar.php(66): CodeIgniter\Debug\Toolbar\Collectors\Database->__construct()
 7 SYSTEMPATH/Config/Services.php(714): CodeIgniter\Debug\Toolbar->__construct()
 8 SYSTEMPATH/Config/BaseService.php(253): CodeIgniter\Config\Services::toolbar()
 9 SYSTEMPATH/Config/BaseService.php(194): CodeIgniter\Config\BaseService::__callStatic()
10 SYSTEMPATH/Config/Services.php(709): CodeIgniter\Config\BaseService::getSharedInstance()
11 SYSTEMPATH/Config/BaseService.php(253): CodeIgniter\Config\Services::toolbar()
12 SYSTEMPATH/Filters/DebugToolbar.php(40): CodeIgniter\Config\BaseService::__callStatic()
13 SYSTEMPATH/Filters/Filters.php(196): CodeIgniter\Filters\DebugToolbar->after()
14 SYSTEMPATH/CodeIgniter.php(500): CodeIgniter\Filters\Filters->run()
15 SYSTEMPATH/CodeIgniter.php(349): CodeIgniter\CodeIgniter->handleRequest()
16 FCPATH/index.php(67): CodeIgniter\CodeIgniter->run()
17 SYSTEMPATH/Commands/Server/rewrite.php(47): require_once('FCPATH/index.php')
CRITICAL - 2023-01-08 21:42:49 --> syntax error, unexpected ''default'' (T_CONSTANT_ENCAPSED_STRING), expecting function (T_FUNCTION) or const (T_CONST)
in APPPATH/Config/Database.php on line 33.
 1 SYSTEMPATH/Autoloader/Autoloader.php(260): CodeIgniter\Autoloader\Autoloader->includeFile()
 2 SYSTEMPATH/Autoloader/Autoloader.php(238): CodeIgniter\Autoloader\Autoloader->loadInNamespace()
 3 [internal function]: CodeIgniter\Autoloader\Autoloader->loadClass()
 4 SYSTEMPATH/Debug/Toolbar/Collectors/Database.php(250): spl_autoload_call()
 5 SYSTEMPATH/Debug/Toolbar/Collectors/Database.php(70): CodeIgniter\Debug\Toolbar\Collectors\Database->getConnections()
 6 SYSTEMPATH/Debug/Toolbar.php(66): CodeIgniter\Debug\Toolbar\Collectors\Database->__construct()
 7 SYSTEMPATH/Config/Services.php(714): CodeIgniter\Debug\Toolbar->__construct()
 8 SYSTEMPATH/Config/BaseService.php(253): CodeIgniter\Config\Services::toolbar()
 9 SYSTEMPATH/Config/BaseService.php(194): CodeIgniter\Config\BaseService::__callStatic()
10 SYSTEMPATH/Config/Services.php(709): CodeIgniter\Config\BaseService::getSharedInstance()
11 SYSTEMPATH/Config/BaseService.php(253): CodeIgniter\Config\Services::toolbar()
12 SYSTEMPATH/Filters/DebugToolbar.php(40): CodeIgniter\Config\BaseService::__callStatic()
13 SYSTEMPATH/Filters/Filters.php(196): CodeIgniter\Filters\DebugToolbar->after()
14 SYSTEMPATH/CodeIgniter.php(500): CodeIgniter\Filters\Filters->run()
15 SYSTEMPATH/CodeIgniter.php(349): CodeIgniter\CodeIgniter->handleRequest()
16 FCPATH/index.php(67): CodeIgniter\CodeIgniter->run()
17 SYSTEMPATH/Commands/Server/rewrite.php(47): require_once('FCPATH/index.php')
CRITICAL - 2023-01-08 21:43:35 --> syntax error, unexpected ''default'' (T_CONSTANT_ENCAPSED_STRING), expecting function (T_FUNCTION) or const (T_CONST)
in APPPATH/Config/Database.php on line 33.
 1 SYSTEMPATH/Autoloader/Autoloader.php(260): CodeIgniter\Autoloader\Autoloader->includeFile()
 2 SYSTEMPATH/Autoloader/Autoloader.php(238): CodeIgniter\Autoloader\Autoloader->loadInNamespace()
 3 [internal function]: CodeIgniter\Autoloader\Autoloader->loadClass()
 4 SYSTEMPATH/Debug/Toolbar/Collectors/Database.php(250): spl_autoload_call()
 5 SYSTEMPATH/Debug/Toolbar/Collectors/Database.php(70): CodeIgniter\Debug\Toolbar\Collectors\Database->getConnections()
 6 SYSTEMPATH/Debug/Toolbar.php(66): CodeIgniter\Debug\Toolbar\Collectors\Database->__construct()
 7 SYSTEMPATH/Config/Services.php(714): CodeIgniter\Debug\Toolbar->__construct()
 8 SYSTEMPATH/Config/BaseService.php(253): CodeIgniter\Config\Services::toolbar()
 9 SYSTEMPATH/Config/BaseService.php(194): CodeIgniter\Config\BaseService::__callStatic()
10 SYSTEMPATH/Config/Services.php(709): CodeIgniter\Config\BaseService::getSharedInstance()
11 SYSTEMPATH/Config/BaseService.php(253): CodeIgniter\Config\Services::toolbar()
12 SYSTEMPATH/Filters/DebugToolbar.php(40): CodeIgniter\Config\BaseService::__callStatic()
13 SYSTEMPATH/Filters/Filters.php(196): CodeIgniter\Filters\DebugToolbar->after()
14 SYSTEMPATH/CodeIgniter.php(500): CodeIgniter\Filters\Filters->run()
15 SYSTEMPATH/CodeIgniter.php(349): CodeIgniter\CodeIgniter->handleRequest()
16 FCPATH/index.php(67): CodeIgniter\CodeIgniter->run()
17 SYSTEMPATH/Commands/Server/rewrite.php(47): require_once('FCPATH/index.php')
CRITICAL - 2023-01-08 21:52:29 --> syntax error, unexpected 'use' (T_USE)
in APPPATH/Controllers/Home.php on line 116.
 1 SYSTEMPATH/Autoloader/Autoloader.php(260): CodeIgniter\Autoloader\Autoloader->includeFile()
 2 SYSTEMPATH/Autoloader/Autoloader.php(238): CodeIgniter\Autoloader\Autoloader->loadInNamespace()
 3 [internal function]: CodeIgniter\Autoloader\Autoloader->loadClass()
 4 [internal function]: spl_autoload_call()
 5 SYSTEMPATH/CodeIgniter.php(875): class_exists()
 6 SYSTEMPATH/CodeIgniter.php(467): CodeIgniter\CodeIgniter->startController()
 7 SYSTEMPATH/CodeIgniter.php(349): CodeIgniter\CodeIgniter->handleRequest()
 8 FCPATH/index.php(67): CodeIgniter\CodeIgniter->run()
 9 SYSTEMPATH/Commands/Server/rewrite.php(47): require_once('FCPATH/index.php')
CRITICAL - 2023-01-08 21:54:16 --> Class 'App\Controllers\Database' not found
in APPPATH/Controllers/Home.php on line 120.
 1 SYSTEMPATH/CodeIgniter.php(925): App\Controllers\Home->Applyscholarship()
 2 SYSTEMPATH/CodeIgniter.php(480): CodeIgniter\CodeIgniter->runController()
 3 SYSTEMPATH/CodeIgniter.php(349): CodeIgniter\CodeIgniter->handleRequest()
 4 FCPATH/index.php(67): CodeIgniter\CodeIgniter->run()
 5 SYSTEMPATH/Commands/Server/rewrite.php(47): require_once('FCPATH/index.php')
CRITICAL - 2023-01-08 21:54:23 --> Use of undefined constant MYSQLI_STORE_RESULT - assumed 'MYSQLI_STORE_RESULT' (this will throw an Error in a future version of PHP)
in SYSTEMPATH/Database/Database.php on line 136.
 1 SYSTEMPATH/Database/Database.php(136): CodeIgniter\Debug\Exceptions->errorHandler()
 2 SYSTEMPATH/Database/Database.php(56): CodeIgniter\Database\Database->initDriver()
 3 SYSTEMPATH/Database/Config.php(82): CodeIgniter\Database\Database->load()
 4 APPPATH/Controllers/Home.php(119): CodeIgniter\Database\Config::connect()
 5 SYSTEMPATH/CodeIgniter.php(925): App\Controllers\Home->Applyscholarship()
 6 SYSTEMPATH/CodeIgniter.php(480): CodeIgniter\CodeIgniter->runController()
 7 SYSTEMPATH/CodeIgniter.php(349): CodeIgniter\CodeIgniter->handleRequest()
 8 FCPATH/index.php(67): CodeIgniter\CodeIgniter->run()
 9 SYSTEMPATH/Commands/Server/rewrite.php(47): require_once('FCPATH/index.php')
CRITICAL - 2023-01-08 21:54:54 --> Use of undefined constant MYSQLI_STORE_RESULT - assumed 'MYSQLI_STORE_RESULT' (this will throw an Error in a future version of PHP)
in SYSTEMPATH/Database/Database.php on line 136.
 1 SYSTEMPATH/Database/Database.php(136): CodeIgniter\Debug\Exceptions->errorHandler()
 2 SYSTEMPATH/Database/Database.php(56): CodeIgniter\Database\Database->initDriver()
 3 SYSTEMPATH/Database/Config.php(82): CodeIgniter\Database\Database->load()
 4 APPPATH/Controllers/Home.php(119): CodeIgniter\Database\Config::connect()
 5 SYSTEMPATH/CodeIgniter.php(925): App\Controllers\Home->Applyscholarship()
 6 SYSTEMPATH/CodeIgniter.php(480): CodeIgniter\CodeIgniter->runController()
 7 SYSTEMPATH/CodeIgniter.php(349): CodeIgniter\CodeIgniter->handleRequest()
 8 FCPATH/index.php(67): CodeIgniter\CodeIgniter->run()
 9 SYSTEMPATH/Commands/Server/rewrite.php(47): require_once('FCPATH/index.php')
CRITICAL - 2023-01-08 21:56:59 --> syntax error, unexpected ''default'' (T_CONSTANT_ENCAPSED_STRING), expecting function (T_FUNCTION) or const (T_CONST)
in APPPATH/Config/Database.php on line 33.
 1 SYSTEMPATH/Autoloader/Autoloader.php(260): CodeIgniter\Autoloader\Autoloader->includeFile()
 2 SYSTEMPATH/Autoloader/Autoloader.php(238): CodeIgniter\Autoloader\Autoloader->loadInNamespace()
 3 [internal function]: CodeIgniter\Autoloader\Autoloader->loadClass()
 4 APPPATH/Controllers/Home.php(119): spl_autoload_call()
 5 SYSTEMPATH/CodeIgniter.php(925): App\Controllers\Home->Applyscholarship()
 6 SYSTEMPATH/CodeIgniter.php(480): CodeIgniter\CodeIgniter->runController()
 7 SYSTEMPATH/CodeIgniter.php(349): CodeIgniter\CodeIgniter->handleRequest()
 8 FCPATH/index.php(67): CodeIgniter\CodeIgniter->run()
 9 SYSTEMPATH/Commands/Server/rewrite.php(47): require_once('FCPATH/index.php')
CRITICAL - 2023-01-08 21:58:41 --> syntax error, unexpected ''default'' (T_CONSTANT_ENCAPSED_STRING), expecting function (T_FUNCTION) or const (T_CONST)
in APPPATH/Config/Database.php on line 33.
 1 SYSTEMPATH/Autoloader/Autoloader.php(260): CodeIgniter\Autoloader\Autoloader->includeFile()
 2 SYSTEMPATH/Autoloader/Autoloader.php(238): CodeIgniter\Autoloader\Autoloader->loadInNamespace()
 3 [internal function]: CodeIgniter\Autoloader\Autoloader->loadClass()
 4 APPPATH/Controllers/Home.php(121): spl_autoload_call()
 5 SYSTEMPATH/CodeIgniter.php(925): App\Controllers\Home->Applyscholarship()
 6 SYSTEMPATH/CodeIgniter.php(480): CodeIgniter\CodeIgniter->runController()
 7 SYSTEMPATH/CodeIgniter.php(349): CodeIgniter\CodeIgniter->handleRequest()
 8 FCPATH/index.php(67): CodeIgniter\CodeIgniter->run()
 9 SYSTEMPATH/Commands/Server/rewrite.php(47): require_once('FCPATH/index.php')
CRITICAL - 2023-01-08 22:00:12 --> syntax error, unexpected ''default'' (T_CONSTANT_ENCAPSED_STRING), expecting function (T_FUNCTION) or const (T_CONST)
in APPPATH/Config/Database.php on line 33.
 1 SYSTEMPATH/Autoloader/Autoloader.php(260): CodeIgniter\Autoloader\Autoloader->includeFile()
 2 SYSTEMPATH/Autoloader/Autoloader.php(238): CodeIgniter\Autoloader\Autoloader->loadInNamespace()
 3 [internal function]: CodeIgniter\Autoloader\Autoloader->loadClass()
 4 APPPATH/Controllers/Home.php(121): spl_autoload_call()
 5 SYSTEMPATH/CodeIgniter.php(925): App\Controllers\Home->Applyscholarship()
 6 SYSTEMPATH/CodeIgniter.php(480): CodeIgniter\CodeIgniter->runController()
 7 SYSTEMPATH/CodeIgniter.php(349): CodeIgniter\CodeIgniter->handleRequest()
 8 FCPATH/index.php(67): CodeIgniter\CodeIgniter->run()
 9 SYSTEMPATH/Commands/Server/rewrite.php(47): require_once('FCPATH/index.php')
CRITICAL - 2023-01-08 22:00:14 --> syntax error, unexpected ''default'' (T_CONSTANT_ENCAPSED_STRING), expecting function (T_FUNCTION) or const (T_CONST)
in APPPATH/Config/Database.php on line 33.
 1 SYSTEMPATH/Autoloader/Autoloader.php(260): CodeIgniter\Autoloader\Autoloader->includeFile()
 2 SYSTEMPATH/Autoloader/Autoloader.php(238): CodeIgniter\Autoloader\Autoloader->loadInNamespace()
 3 [internal function]: CodeIgniter\Autoloader\Autoloader->loadClass()
 4 APPPATH/Controllers/Home.php(121): spl_autoload_call()
 5 SYSTEMPATH/CodeIgniter.php(925): App\Controllers\Home->Applyscholarship()
 6 SYSTEMPATH/CodeIgniter.php(480): CodeIgniter\CodeIgniter->runController()
 7 SYSTEMPATH/CodeIgniter.php(349): CodeIgniter\CodeIgniter->handleRequest()
 8 FCPATH/index.php(67): CodeIgniter\CodeIgniter->run()
 9 SYSTEMPATH/Commands/Server/rewrite.php(47): require_once('FCPATH/index.php')
CRITICAL - 2023-01-08 22:00:25 --> Class 'App\Controllers\Database' not found
in APPPATH/Controllers/Home.php on line 121.
 1 SYSTEMPATH/CodeIgniter.php(925): App\Controllers\Home->Applyscholarship()
 2 SYSTEMPATH/CodeIgniter.php(480): CodeIgniter\CodeIgniter->runController()
 3 SYSTEMPATH/CodeIgniter.php(349): CodeIgniter\CodeIgniter->handleRequest()
 4 FCPATH/index.php(67): CodeIgniter\CodeIgniter->run()
 5 SYSTEMPATH/Commands/Server/rewrite.php(47): require_once('FCPATH/index.php')
CRITICAL - 2023-01-08 22:00:37 --> Call to a member function connected() on null
in APPPATH/Controllers/Home.php on line 122.
 1 SYSTEMPATH/CodeIgniter.php(925): App\Controllers\Home->Applyscholarship()
 2 SYSTEMPATH/CodeIgniter.php(480): CodeIgniter\CodeIgniter->runController()
 3 SYSTEMPATH/CodeIgniter.php(349): CodeIgniter\CodeIgniter->handleRequest()
 4 FCPATH/index.php(67): CodeIgniter\CodeIgniter->run()
 5 SYSTEMPATH/Commands/Server/rewrite.php(47): require_once('FCPATH/index.php')
CRITICAL - 2023-01-08 22:00:43 --> syntax error, unexpected ''default'' (T_CONSTANT_ENCAPSED_STRING), expecting function (T_FUNCTION) or const (T_CONST)
in APPPATH/Config/Database.php on line 33.
 1 SYSTEMPATH/Autoloader/Autoloader.php(260): CodeIgniter\Autoloader\Autoloader->includeFile()
 2 SYSTEMPATH/Autoloader/Autoloader.php(238): CodeIgniter\Autoloader\Autoloader->loadInNamespace()
 3 [internal function]: CodeIgniter\Autoloader\Autoloader->loadClass()
 4 SYSTEMPATH/Debug/Toolbar/Collectors/Database.php(250): spl_autoload_call()
 5 SYSTEMPATH/Debug/Toolbar/Collectors/Database.php(70): CodeIgniter\Debug\Toolbar\Collectors\Database->getConnections()
 6 SYSTEMPATH/Debug/Toolbar.php(66): CodeIgniter\Debug\Toolbar\Collectors\Database->__construct()
 7 SYSTEMPATH/Config/Services.php(714): CodeIgniter\Debug\Toolbar->__construct()
 8 SYSTEMPATH/Config/BaseService.php(253): CodeIgniter\Config\Services::toolbar()
 9 SYSTEMPATH/Config/BaseService.php(194): CodeIgniter\Config\BaseService::__callStatic()
10 SYSTEMPATH/Config/Services.php(709): CodeIgniter\Config\BaseService::getSharedInstance()
11 SYSTEMPATH/Config/BaseService.php(253): CodeIgniter\Config\Services::toolbar()
12 SYSTEMPATH/Filters/DebugToolbar.php(40): CodeIgniter\Config\BaseService::__callStatic()
13 SYSTEMPATH/Filters/Filters.php(196): CodeIgniter\Filters\DebugToolbar->after()
14 SYSTEMPATH/CodeIgniter.php(500): CodeIgniter\Filters\Filters->run()
15 SYSTEMPATH/CodeIgniter.php(349): CodeIgniter\CodeIgniter->handleRequest()
16 FCPATH/index.php(67): CodeIgniter\CodeIgniter->run()
17 SYSTEMPATH/Commands/Server/rewrite.php(47): require_once('FCPATH/index.php')
