ERROR - 2023-01-13 03:52:37 --> Error connecting to the database: mysqli_sql_exception: Access denied for user 'root'@'localhost' (using password: NO) in C:\Old Windows\Windows NT\System\work\germanschool\system\Database\MySQLi\Connection.php:171
Stack trace:
#0 C:\Old Windows\Windows NT\System\work\germanschool\system\Database\MySQLi\Connection.php(171): mysqli->real_connect()
#1 C:\Old Windows\Windows NT\System\work\germanschool\system\Database\BaseConnection.php(382): CodeIgniter\Database\MySQLi\Connection->connect()
#2 C:\Old Windows\Windows NT\System\work\germanschool\system\Database\BaseConnection.php(561): CodeIgniter\Database\BaseConnection->initialize()
#3 C:\Old Windows\Windows NT\System\work\germanschool\app\Controllers\Home.php(27): CodeIgniter\Database\BaseConnection->query()
#4 C:\Old Windows\Windows NT\System\work\germanschool\system\CodeIgniter.php(925): App\Controllers\Home->loginfunc()
#5 C:\Old Windows\Windows NT\System\work\germanschool\system\CodeIgniter.php(480): CodeIgniter\CodeIgniter->runController()
#6 C:\Old Windows\Windows NT\System\work\germanschool\system\CodeIgniter.php(349): CodeIgniter\CodeIgniter->handleRequest()
#7 C:\Old Windows\Windows NT\System\work\germanschool\public\index.php(67): CodeIgniter\CodeIgniter->run()
#8 C:\Old Windows\Windows NT\System\work\germanschool\system\Commands\Server\rewrite.php(47): require_once('...')
#9 {main}

Next CodeIgniter\Database\Exceptions\DatabaseException: Access denied for user '****'@'localhost' (using password: NO) in C:\Old Windows\Windows NT\System\work\germanschool\system\Database\MySQLi\Connection.php:215
Stack trace:
#0 C:\Old Windows\Windows NT\System\work\germanschool\system\Database\BaseConnection.php(382): CodeIgniter\Database\MySQLi\Connection->connect()
#1 C:\Old Windows\Windows NT\System\work\germanschool\system\Database\BaseConnection.php(561): CodeIgniter\Database\BaseConnection->initialize()
#2 C:\Old Windows\Windows NT\System\work\germanschool\app\Controllers\Home.php(27): CodeIgniter\Database\BaseConnection->query()
#3 C:\Old Windows\Windows NT\System\work\germanschool\system\CodeIgniter.php(925): App\Controllers\Home->loginfunc()
#4 C:\Old Windows\Windows NT\System\work\germanschool\system\CodeIgniter.php(480): CodeIgniter\CodeIgniter->runController()
#5 C:\Old Windows\Windows NT\System\work\germanschool\system\CodeIgniter.php(349): CodeIgniter\CodeIgniter->handleRequest()
#6 C:\Old Windows\Windows NT\System\work\germanschool\public\index.php(67): CodeIgniter\CodeIgniter->run()
#7 C:\Old Windows\Windows NT\System\work\germanschool\system\Commands\Server\rewrite.php(47): require_once('...')
#8 {main}
CRITICAL - 2023-01-13 03:52:37 --> Unable to connect to the database.
Main connection [MySQLi]: Access denied for user '****'@'localhost' (using password: NO)
in SYSTEMPATH\Database\BaseConnection.php on line 418.
 1 SYSTEMPATH\Database\BaseConnection.php(561): CodeIgniter\Database\BaseConnection->initialize()
 2 APPPATH\Controllers\Home.php(27): CodeIgniter\Database\BaseConnection->query()
 3 SYSTEMPATH\CodeIgniter.php(925): App\Controllers\Home->loginfunc()
 4 SYSTEMPATH\CodeIgniter.php(480): CodeIgniter\CodeIgniter->runController()
 5 SYSTEMPATH\CodeIgniter.php(349): CodeIgniter\CodeIgniter->handleRequest()
 6 FCPATH\index.php(67): CodeIgniter\CodeIgniter->run()
 7 SYSTEMPATH\Commands\Server\rewrite.php(47): require_once('FCPATH\\index.php')
ERROR - 2023-01-13 04:11:53 --> Error connecting to the database: mysqli_sql_exception: Access denied for user 'root'@'localhost' (using password: NO) in C:\Old Windows\Windows NT\System\work\germanschool\system\Database\MySQLi\Connection.php:171
Stack trace:
#0 C:\Old Windows\Windows NT\System\work\germanschool\system\Database\MySQLi\Connection.php(171): mysqli->real_connect()
#1 C:\Old Windows\Windows NT\System\work\germanschool\system\Database\BaseConnection.php(382): CodeIgniter\Database\MySQLi\Connection->connect()
#2 C:\Old Windows\Windows NT\System\work\germanschool\system\Database\BaseConnection.php(561): CodeIgniter\Database\BaseConnection->initialize()
#3 C:\Old Windows\Windows NT\System\work\germanschool\app\Controllers\Home.php(27): CodeIgniter\Database\BaseConnection->query()
#4 C:\Old Windows\Windows NT\System\work\germanschool\system\CodeIgniter.php(925): App\Controllers\Home->loginfunc()
#5 C:\Old Windows\Windows NT\System\work\germanschool\system\CodeIgniter.php(480): CodeIgniter\CodeIgniter->runController()
#6 C:\Old Windows\Windows NT\System\work\germanschool\system\CodeIgniter.php(349): CodeIgniter\CodeIgniter->handleRequest()
#7 C:\Old Windows\Windows NT\System\work\germanschool\public\index.php(67): CodeIgniter\CodeIgniter->run()
#8 C:\Old Windows\Windows NT\System\work\germanschool\system\Commands\Server\rewrite.php(47): require_once('...')
#9 {main}

Next CodeIgniter\Database\Exceptions\DatabaseException: Access denied for user '****'@'localhost' (using password: NO) in C:\Old Windows\Windows NT\System\work\germanschool\system\Database\MySQLi\Connection.php:215
Stack trace:
#0 C:\Old Windows\Windows NT\System\work\germanschool\system\Database\BaseConnection.php(382): CodeIgniter\Database\MySQLi\Connection->connect()
#1 C:\Old Windows\Windows NT\System\work\germanschool\system\Database\BaseConnection.php(561): CodeIgniter\Database\BaseConnection->initialize()
#2 C:\Old Windows\Windows NT\System\work\germanschool\app\Controllers\Home.php(27): CodeIgniter\Database\BaseConnection->query()
#3 C:\Old Windows\Windows NT\System\work\germanschool\system\CodeIgniter.php(925): App\Controllers\Home->loginfunc()
#4 C:\Old Windows\Windows NT\System\work\germanschool\system\CodeIgniter.php(480): CodeIgniter\CodeIgniter->runController()
#5 C:\Old Windows\Windows NT\System\work\germanschool\system\CodeIgniter.php(349): CodeIgniter\CodeIgniter->handleRequest()
#6 C:\Old Windows\Windows NT\System\work\germanschool\public\index.php(67): CodeIgniter\CodeIgniter->run()
#7 C:\Old Windows\Windows NT\System\work\germanschool\system\Commands\Server\rewrite.php(47): require_once('...')
#8 {main}
CRITICAL - 2023-01-13 04:11:53 --> Unable to connect to the database.
Main connection [MySQLi]: Access denied for user '****'@'localhost' (using password: NO)
in SYSTEMPATH\Database\BaseConnection.php on line 418.
 1 SYSTEMPATH\Database\BaseConnection.php(561): CodeIgniter\Database\BaseConnection->initialize()
 2 APPPATH\Controllers\Home.php(27): CodeIgniter\Database\BaseConnection->query()
 3 SYSTEMPATH\CodeIgniter.php(925): App\Controllers\Home->loginfunc()
 4 SYSTEMPATH\CodeIgniter.php(480): CodeIgniter\CodeIgniter->runController()
 5 SYSTEMPATH\CodeIgniter.php(349): CodeIgniter\CodeIgniter->handleRequest()
 6 FCPATH\index.php(67): CodeIgniter\CodeIgniter->run()
 7 SYSTEMPATH\Commands\Server\rewrite.php(47): require_once('FCPATH\\index.php')
ERROR - 2023-01-13 04:13:49 --> Error connecting to the database: mysqli_sql_exception: Access denied for user 'root'@'localhost' (using password: NO) in C:\Old Windows\Windows NT\System\work\germanschool\system\Database\MySQLi\Connection.php:171
Stack trace:
#0 C:\Old Windows\Windows NT\System\work\germanschool\system\Database\MySQLi\Connection.php(171): mysqli->real_connect()
#1 C:\Old Windows\Windows NT\System\work\germanschool\system\Database\BaseConnection.php(382): CodeIgniter\Database\MySQLi\Connection->connect()
#2 C:\Old Windows\Windows NT\System\work\germanschool\system\Database\BaseConnection.php(561): CodeIgniter\Database\BaseConnection->initialize()
#3 C:\Old Windows\Windows NT\System\work\germanschool\system\Database\BaseBuilder.php(1916): CodeIgniter\Database\BaseConnection->query()
#4 C:\Old Windows\Windows NT\System\work\germanschool\app\Controllers\Home.php(182): CodeIgniter\Database\BaseBuilder->insert()
#5 C:\Old Windows\Windows NT\System\work\germanschool\system\CodeIgniter.php(925): App\Controllers\Home->Enrollment()
#6 C:\Old Windows\Windows NT\System\work\germanschool\system\CodeIgniter.php(480): CodeIgniter\CodeIgniter->runController()
#7 C:\Old Windows\Windows NT\System\work\germanschool\system\CodeIgniter.php(349): CodeIgniter\CodeIgniter->handleRequest()
#8 C:\Old Windows\Windows NT\System\work\germanschool\public\index.php(67): CodeIgniter\CodeIgniter->run()
#9 C:\Old Windows\Windows NT\System\work\germanschool\system\Commands\Server\rewrite.php(47): require_once('...')
#10 {main}

Next CodeIgniter\Database\Exceptions\DatabaseException: Access denied for user '****'@'localhost' (using password: NO) in C:\Old Windows\Windows NT\System\work\germanschool\system\Database\MySQLi\Connection.php:215
Stack trace:
#0 C:\Old Windows\Windows NT\System\work\germanschool\system\Database\BaseConnection.php(382): CodeIgniter\Database\MySQLi\Connection->connect()
#1 C:\Old Windows\Windows NT\System\work\germanschool\system\Database\BaseConnection.php(561): CodeIgniter\Database\BaseConnection->initialize()
#2 C:\Old Windows\Windows NT\System\work\germanschool\system\Database\BaseBuilder.php(1916): CodeIgniter\Database\BaseConnection->query()
#3 C:\Old Windows\Windows NT\System\work\germanschool\app\Controllers\Home.php(182): CodeIgniter\Database\BaseBuilder->insert()
#4 C:\Old Windows\Windows NT\System\work\germanschool\system\CodeIgniter.php(925): App\Controllers\Home->Enrollment()
#5 C:\Old Windows\Windows NT\System\work\germanschool\system\CodeIgniter.php(480): CodeIgniter\CodeIgniter->runController()
#6 C:\Old Windows\Windows NT\System\work\germanschool\system\CodeIgniter.php(349): CodeIgniter\CodeIgniter->handleRequest()
#7 C:\Old Windows\Windows NT\System\work\germanschool\public\index.php(67): CodeIgniter\CodeIgniter->run()
#8 C:\Old Windows\Windows NT\System\work\germanschool\system\Commands\Server\rewrite.php(47): require_once('...')
#9 {main}
CRITICAL - 2023-01-13 04:13:49 --> Unable to connect to the database.
Main connection [MySQLi]: Access denied for user '****'@'localhost' (using password: NO)
in SYSTEMPATH\Database\BaseConnection.php on line 418.
 1 SYSTEMPATH\Database\BaseConnection.php(561): CodeIgniter\Database\BaseConnection->initialize()
 2 SYSTEMPATH\Database\BaseBuilder.php(1916): CodeIgniter\Database\BaseConnection->query()
 3 APPPATH\Controllers\Home.php(182): CodeIgniter\Database\BaseBuilder->insert()
 4 SYSTEMPATH\CodeIgniter.php(925): App\Controllers\Home->Enrollment()
 5 SYSTEMPATH\CodeIgniter.php(480): CodeIgniter\CodeIgniter->runController()
 6 SYSTEMPATH\CodeIgniter.php(349): CodeIgniter\CodeIgniter->handleRequest()
 7 FCPATH\index.php(67): CodeIgniter\CodeIgniter->run()
 8 SYSTEMPATH\Commands\Server\rewrite.php(47): require_once('FCPATH\\index.php')
ERROR - 2023-01-13 04:23:45 --> Error connecting to the database: mysqli_sql_exception: Access denied for user 'root'@'localhost' (using password: NO) in C:\Old Windows\Windows NT\System\work\germanschool\system\Database\MySQLi\Connection.php:171
Stack trace:
#0 C:\Old Windows\Windows NT\System\work\germanschool\system\Database\MySQLi\Connection.php(171): mysqli->real_connect()
#1 C:\Old Windows\Windows NT\System\work\germanschool\system\Database\BaseConnection.php(382): CodeIgniter\Database\MySQLi\Connection->connect()
#2 C:\Old Windows\Windows NT\System\work\germanschool\system\Database\BaseConnection.php(561): CodeIgniter\Database\BaseConnection->initialize()
#3 C:\Old Windows\Windows NT\System\work\germanschool\system\Database\BaseBuilder.php(1916): CodeIgniter\Database\BaseConnection->query()
#4 C:\Old Windows\Windows NT\System\work\germanschool\app\Controllers\Home.php(182): CodeIgniter\Database\BaseBuilder->insert()
#5 C:\Old Windows\Windows NT\System\work\germanschool\system\CodeIgniter.php(925): App\Controllers\Home->Enrollment()
#6 C:\Old Windows\Windows NT\System\work\germanschool\system\CodeIgniter.php(480): CodeIgniter\CodeIgniter->runController()
#7 C:\Old Windows\Windows NT\System\work\germanschool\system\CodeIgniter.php(349): CodeIgniter\CodeIgniter->handleRequest()
#8 C:\Old Windows\Windows NT\System\work\germanschool\public\index.php(67): CodeIgniter\CodeIgniter->run()
#9 C:\Old Windows\Windows NT\System\work\germanschool\system\Commands\Server\rewrite.php(47): require_once('...')
#10 {main}

Next CodeIgniter\Database\Exceptions\DatabaseException: Access denied for user '****'@'localhost' (using password: NO) in C:\Old Windows\Windows NT\System\work\germanschool\system\Database\MySQLi\Connection.php:215
Stack trace:
#0 C:\Old Windows\Windows NT\System\work\germanschool\system\Database\BaseConnection.php(382): CodeIgniter\Database\MySQLi\Connection->connect()
#1 C:\Old Windows\Windows NT\System\work\germanschool\system\Database\BaseConnection.php(561): CodeIgniter\Database\BaseConnection->initialize()
#2 C:\Old Windows\Windows NT\System\work\germanschool\system\Database\BaseBuilder.php(1916): CodeIgniter\Database\BaseConnection->query()
#3 C:\Old Windows\Windows NT\System\work\germanschool\app\Controllers\Home.php(182): CodeIgniter\Database\BaseBuilder->insert()
#4 C:\Old Windows\Windows NT\System\work\germanschool\system\CodeIgniter.php(925): App\Controllers\Home->Enrollment()
#5 C:\Old Windows\Windows NT\System\work\germanschool\system\CodeIgniter.php(480): CodeIgniter\CodeIgniter->runController()
#6 C:\Old Windows\Windows NT\System\work\germanschool\system\CodeIgniter.php(349): CodeIgniter\CodeIgniter->handleRequest()
#7 C:\Old Windows\Windows NT\System\work\germanschool\public\index.php(67): CodeIgniter\CodeIgniter->run()
#8 C:\Old Windows\Windows NT\System\work\germanschool\system\Commands\Server\rewrite.php(47): require_once('...')
#9 {main}
CRITICAL - 2023-01-13 04:23:45 --> Unable to connect to the database.
Main connection [MySQLi]: Access denied for user '****'@'localhost' (using password: NO)
in SYSTEMPATH\Database\BaseConnection.php on line 418.
 1 SYSTEMPATH\Database\BaseConnection.php(561): CodeIgniter\Database\BaseConnection->initialize()
 2 SYSTEMPATH\Database\BaseBuilder.php(1916): CodeIgniter\Database\BaseConnection->query()
 3 APPPATH\Controllers\Home.php(182): CodeIgniter\Database\BaseBuilder->insert()
 4 SYSTEMPATH\CodeIgniter.php(925): App\Controllers\Home->Enrollment()
 5 SYSTEMPATH\CodeIgniter.php(480): CodeIgniter\CodeIgniter->runController()
 6 SYSTEMPATH\CodeIgniter.php(349): CodeIgniter\CodeIgniter->handleRequest()
 7 FCPATH\index.php(67): CodeIgniter\CodeIgniter->run()
 8 SYSTEMPATH\Commands\Server\rewrite.php(47): require_once('FCPATH\\index.php')
ERROR - 2023-01-13 04:23:51 --> Error connecting to the database: mysqli_sql_exception: Access denied for user 'root'@'localhost' (using password: NO) in C:\Old Windows\Windows NT\System\work\germanschool\system\Database\MySQLi\Connection.php:171
Stack trace:
#0 C:\Old Windows\Windows NT\System\work\germanschool\system\Database\MySQLi\Connection.php(171): mysqli->real_connect()
#1 C:\Old Windows\Windows NT\System\work\germanschool\system\Database\BaseConnection.php(382): CodeIgniter\Database\MySQLi\Connection->connect()
#2 C:\Old Windows\Windows NT\System\work\germanschool\system\Database\BaseConnection.php(561): CodeIgniter\Database\BaseConnection->initialize()
#3 C:\Old Windows\Windows NT\System\work\germanschool\system\Database\BaseBuilder.php(1916): CodeIgniter\Database\BaseConnection->query()
#4 C:\Old Windows\Windows NT\System\work\germanschool\app\Controllers\Home.php(182): CodeIgniter\Database\BaseBuilder->insert()
#5 C:\Old Windows\Windows NT\System\work\germanschool\system\CodeIgniter.php(925): App\Controllers\Home->Enrollment()
#6 C:\Old Windows\Windows NT\System\work\germanschool\system\CodeIgniter.php(480): CodeIgniter\CodeIgniter->runController()
#7 C:\Old Windows\Windows NT\System\work\germanschool\system\CodeIgniter.php(349): CodeIgniter\CodeIgniter->handleRequest()
#8 C:\Old Windows\Windows NT\System\work\germanschool\public\index.php(67): CodeIgniter\CodeIgniter->run()
#9 C:\Old Windows\Windows NT\System\work\germanschool\system\Commands\Server\rewrite.php(47): require_once('...')
#10 {main}

Next CodeIgniter\Database\Exceptions\DatabaseException: Access denied for user '****'@'localhost' (using password: NO) in C:\Old Windows\Windows NT\System\work\germanschool\system\Database\MySQLi\Connection.php:215
Stack trace:
#0 C:\Old Windows\Windows NT\System\work\germanschool\system\Database\BaseConnection.php(382): CodeIgniter\Database\MySQLi\Connection->connect()
#1 C:\Old Windows\Windows NT\System\work\germanschool\system\Database\BaseConnection.php(561): CodeIgniter\Database\BaseConnection->initialize()
#2 C:\Old Windows\Windows NT\System\work\germanschool\system\Database\BaseBuilder.php(1916): CodeIgniter\Database\BaseConnection->query()
#3 C:\Old Windows\Windows NT\System\work\germanschool\app\Controllers\Home.php(182): CodeIgniter\Database\BaseBuilder->insert()
#4 C:\Old Windows\Windows NT\System\work\germanschool\system\CodeIgniter.php(925): App\Controllers\Home->Enrollment()
#5 C:\Old Windows\Windows NT\System\work\germanschool\system\CodeIgniter.php(480): CodeIgniter\CodeIgniter->runController()
#6 C:\Old Windows\Windows NT\System\work\germanschool\system\CodeIgniter.php(349): CodeIgniter\CodeIgniter->handleRequest()
#7 C:\Old Windows\Windows NT\System\work\germanschool\public\index.php(67): CodeIgniter\CodeIgniter->run()
#8 C:\Old Windows\Windows NT\System\work\germanschool\system\Commands\Server\rewrite.php(47): require_once('...')
#9 {main}
CRITICAL - 2023-01-13 04:23:51 --> Unable to connect to the database.
Main connection [MySQLi]: Access denied for user '****'@'localhost' (using password: NO)
in SYSTEMPATH\Database\BaseConnection.php on line 418.
 1 SYSTEMPATH\Database\BaseConnection.php(561): CodeIgniter\Database\BaseConnection->initialize()
 2 SYSTEMPATH\Database\BaseBuilder.php(1916): CodeIgniter\Database\BaseConnection->query()
 3 APPPATH\Controllers\Home.php(182): CodeIgniter\Database\BaseBuilder->insert()
 4 SYSTEMPATH\CodeIgniter.php(925): App\Controllers\Home->Enrollment()
 5 SYSTEMPATH\CodeIgniter.php(480): CodeIgniter\CodeIgniter->runController()
 6 SYSTEMPATH\CodeIgniter.php(349): CodeIgniter\CodeIgniter->handleRequest()
 7 FCPATH\index.php(67): CodeIgniter\CodeIgniter->run()
 8 SYSTEMPATH\Commands\Server\rewrite.php(47): require_once('FCPATH\\index.php')
ERROR - 2023-01-13 04:46:56 --> mysqli_sql_exception: Table 'flc.flcenrollment' doesn't exist in C:\Old Windows\Windows NT\System\work\germanschool\system\Database\MySQLi\Connection.php:292
Stack trace:
#0 C:\Old Windows\Windows NT\System\work\germanschool\system\Database\MySQLi\Connection.php(292): mysqli->query()
#1 C:\Old Windows\Windows NT\System\work\germanschool\system\Database\BaseConnection.php(666): CodeIgniter\Database\MySQLi\Connection->execute()
#2 C:\Old Windows\Windows NT\System\work\germanschool\system\Database\BaseConnection.php(593): CodeIgniter\Database\BaseConnection->simpleQuery()
#3 C:\Old Windows\Windows NT\System\work\germanschool\system\Database\BaseBuilder.php(1916): CodeIgniter\Database\BaseConnection->query()
#4 C:\Old Windows\Windows NT\System\work\germanschool\app\Controllers\Home.php(182): CodeIgniter\Database\BaseBuilder->insert()
#5 C:\Old Windows\Windows NT\System\work\germanschool\system\CodeIgniter.php(925): App\Controllers\Home->Enrollment()
#6 C:\Old Windows\Windows NT\System\work\germanschool\system\CodeIgniter.php(480): CodeIgniter\CodeIgniter->runController()
#7 C:\Old Windows\Windows NT\System\work\germanschool\system\CodeIgniter.php(349): CodeIgniter\CodeIgniter->handleRequest()
#8 C:\Old Windows\Windows NT\System\work\germanschool\public\index.php(67): CodeIgniter\CodeIgniter->run()
#9 C:\Old Windows\Windows NT\System\work\germanschool\system\Commands\Server\rewrite.php(47): require_once('...')
#10 {main}
CRITICAL - 2023-01-13 04:47:39 --> Undefined array key "userid"
in APPPATH\Controllers\Home.php on line 36.
 1 APPPATH\Controllers\Home.php(36): CodeIgniter\Debug\Exceptions->errorHandler()
 2 SYSTEMPATH\CodeIgniter.php(925): App\Controllers\Home->loginfunc()
 3 SYSTEMPATH\CodeIgniter.php(480): CodeIgniter\CodeIgniter->runController()
 4 SYSTEMPATH\CodeIgniter.php(349): CodeIgniter\CodeIgniter->handleRequest()
 5 FCPATH\index.php(67): CodeIgniter\CodeIgniter->run()
 6 SYSTEMPATH\Commands\Server\rewrite.php(47): require_once('FCPATH\\index.php')
ERROR - 2023-01-13 04:48:02 --> mysqli_sql_exception: Table 'flc.flcenrollment' doesn't exist in C:\Old Windows\Windows NT\System\work\germanschool\system\Database\MySQLi\Connection.php:292
Stack trace:
#0 C:\Old Windows\Windows NT\System\work\germanschool\system\Database\MySQLi\Connection.php(292): mysqli->query()
#1 C:\Old Windows\Windows NT\System\work\germanschool\system\Database\BaseConnection.php(666): CodeIgniter\Database\MySQLi\Connection->execute()
#2 C:\Old Windows\Windows NT\System\work\germanschool\system\Database\BaseConnection.php(593): CodeIgniter\Database\BaseConnection->simpleQuery()
#3 C:\Old Windows\Windows NT\System\work\germanschool\system\Database\BaseBuilder.php(1916): CodeIgniter\Database\BaseConnection->query()
#4 C:\Old Windows\Windows NT\System\work\germanschool\app\Controllers\Home.php(182): CodeIgniter\Database\BaseBuilder->insert()
#5 C:\Old Windows\Windows NT\System\work\germanschool\system\CodeIgniter.php(925): App\Controllers\Home->Enrollment()
#6 C:\Old Windows\Windows NT\System\work\germanschool\system\CodeIgniter.php(480): CodeIgniter\CodeIgniter->runController()
#7 C:\Old Windows\Windows NT\System\work\germanschool\system\CodeIgniter.php(349): CodeIgniter\CodeIgniter->handleRequest()
#8 C:\Old Windows\Windows NT\System\work\germanschool\public\index.php(67): CodeIgniter\CodeIgniter->run()
#9 C:\Old Windows\Windows NT\System\work\germanschool\system\Commands\Server\rewrite.php(47): require_once('...')
#10 {main}
ERROR - 2023-01-13 04:57:10 --> mysqli_sql_exception: Table 'flc.flcenrollment' doesn't exist in C:\Old Windows\Windows NT\System\work\germanschool\system\Database\MySQLi\Connection.php:292
Stack trace:
#0 C:\Old Windows\Windows NT\System\work\germanschool\system\Database\MySQLi\Connection.php(292): mysqli->query()
#1 C:\Old Windows\Windows NT\System\work\germanschool\system\Database\BaseConnection.php(666): CodeIgniter\Database\MySQLi\Connection->execute()
#2 C:\Old Windows\Windows NT\System\work\germanschool\system\Database\BaseConnection.php(593): CodeIgniter\Database\BaseConnection->simpleQuery()
#3 C:\Old Windows\Windows NT\System\work\germanschool\system\Database\BaseBuilder.php(1916): CodeIgniter\Database\BaseConnection->query()
#4 C:\Old Windows\Windows NT\System\work\germanschool\app\Controllers\Home.php(182): CodeIgniter\Database\BaseBuilder->insert()
#5 C:\Old Windows\Windows NT\System\work\germanschool\system\CodeIgniter.php(925): App\Controllers\Home->Enrollment()
#6 C:\Old Windows\Windows NT\System\work\germanschool\system\CodeIgniter.php(480): CodeIgniter\CodeIgniter->runController()
#7 C:\Old Windows\Windows NT\System\work\germanschool\system\CodeIgniter.php(349): CodeIgniter\CodeIgniter->handleRequest()
#8 C:\Old Windows\Windows NT\System\work\germanschool\public\index.php(67): CodeIgniter\CodeIgniter->run()
#9 C:\Old Windows\Windows NT\System\work\germanschool\system\Commands\Server\rewrite.php(47): require_once('...')
#10 {main}
ERROR - 2023-01-13 05:04:34 --> mysqli_sql_exception: Table 'flc.flcenrollment' doesn't exist in C:\Old Windows\Windows NT\System\work\germanschool\system\Database\MySQLi\Connection.php:292
Stack trace:
#0 C:\Old Windows\Windows NT\System\work\germanschool\system\Database\MySQLi\Connection.php(292): mysqli->query()
#1 C:\Old Windows\Windows NT\System\work\germanschool\system\Database\BaseConnection.php(666): CodeIgniter\Database\MySQLi\Connection->execute()
#2 C:\Old Windows\Windows NT\System\work\germanschool\system\Database\BaseConnection.php(593): CodeIgniter\Database\BaseConnection->simpleQuery()
#3 C:\Old Windows\Windows NT\System\work\germanschool\system\Database\BaseBuilder.php(1916): CodeIgniter\Database\BaseConnection->query()
#4 C:\Old Windows\Windows NT\System\work\germanschool\app\Controllers\Home.php(175): CodeIgniter\Database\BaseBuilder->insert()
#5 C:\Old Windows\Windows NT\System\work\germanschool\system\CodeIgniter.php(925): App\Controllers\Home->Enrollment()
#6 C:\Old Windows\Windows NT\System\work\germanschool\system\CodeIgniter.php(480): CodeIgniter\CodeIgniter->runController()
#7 C:\Old Windows\Windows NT\System\work\germanschool\system\CodeIgniter.php(349): CodeIgniter\CodeIgniter->handleRequest()
#8 C:\Old Windows\Windows NT\System\work\germanschool\public\index.php(67): CodeIgniter\CodeIgniter->run()
#9 C:\Old Windows\Windows NT\System\work\germanschool\system\Commands\Server\rewrite.php(47): require_once('...')
#10 {main}
CRITICAL - 2023-01-13 05:05:20 --> Undefined array key "userid"
in APPPATH\Controllers\Home.php on line 34.
 1 APPPATH\Controllers\Home.php(34): CodeIgniter\Debug\Exceptions->errorHandler()
 2 SYSTEMPATH\CodeIgniter.php(925): App\Controllers\Home->loginfunc()
 3 SYSTEMPATH\CodeIgniter.php(480): CodeIgniter\CodeIgniter->runController()
 4 SYSTEMPATH\CodeIgniter.php(349): CodeIgniter\CodeIgniter->handleRequest()
 5 FCPATH\index.php(67): CodeIgniter\CodeIgniter->run()
 6 SYSTEMPATH\Commands\Server\rewrite.php(47): require_once('FCPATH\\index.php')
ERROR - 2023-01-13 05:05:33 --> mysqli_sql_exception: Table 'flc.flcenrollment' doesn't exist in C:\Old Windows\Windows NT\System\work\germanschool\system\Database\MySQLi\Connection.php:292
Stack trace:
#0 C:\Old Windows\Windows NT\System\work\germanschool\system\Database\MySQLi\Connection.php(292): mysqli->query()
#1 C:\Old Windows\Windows NT\System\work\germanschool\system\Database\BaseConnection.php(666): CodeIgniter\Database\MySQLi\Connection->execute()
#2 C:\Old Windows\Windows NT\System\work\germanschool\system\Database\BaseConnection.php(593): CodeIgniter\Database\BaseConnection->simpleQuery()
#3 C:\Old Windows\Windows NT\System\work\germanschool\system\Database\BaseBuilder.php(1916): CodeIgniter\Database\BaseConnection->query()
#4 C:\Old Windows\Windows NT\System\work\germanschool\app\Controllers\Home.php(175): CodeIgniter\Database\BaseBuilder->insert()
#5 C:\Old Windows\Windows NT\System\work\germanschool\system\CodeIgniter.php(925): App\Controllers\Home->Enrollment()
#6 C:\Old Windows\Windows NT\System\work\germanschool\system\CodeIgniter.php(480): CodeIgniter\CodeIgniter->runController()
#7 C:\Old Windows\Windows NT\System\work\germanschool\system\CodeIgniter.php(349): CodeIgniter\CodeIgniter->handleRequest()
#8 C:\Old Windows\Windows NT\System\work\germanschool\public\index.php(67): CodeIgniter\CodeIgniter->run()
#9 C:\Old Windows\Windows NT\System\work\germanschool\system\Commands\Server\rewrite.php(47): require_once('...')
#10 {main}
ERROR - 2023-01-13 05:06:54 --> mysqli_sql_exception: Table 'flc.flcenrollment' doesn't exist in C:\Old Windows\Windows NT\System\work\germanschool\system\Database\MySQLi\Connection.php:292
Stack trace:
#0 C:\Old Windows\Windows NT\System\work\germanschool\system\Database\MySQLi\Connection.php(292): mysqli->query()
#1 C:\Old Windows\Windows NT\System\work\germanschool\system\Database\BaseConnection.php(666): CodeIgniter\Database\MySQLi\Connection->execute()
#2 C:\Old Windows\Windows NT\System\work\germanschool\system\Database\BaseConnection.php(593): CodeIgniter\Database\BaseConnection->simpleQuery()
#3 C:\Old Windows\Windows NT\System\work\germanschool\system\Database\BaseBuilder.php(1916): CodeIgniter\Database\BaseConnection->query()
#4 C:\Old Windows\Windows NT\System\work\germanschool\app\Controllers\Home.php(175): CodeIgniter\Database\BaseBuilder->insert()
#5 C:\Old Windows\Windows NT\System\work\germanschool\system\CodeIgniter.php(925): App\Controllers\Home->Enrollment()
#6 C:\Old Windows\Windows NT\System\work\germanschool\system\CodeIgniter.php(480): CodeIgniter\CodeIgniter->runController()
#7 C:\Old Windows\Windows NT\System\work\germanschool\system\CodeIgniter.php(349): CodeIgniter\CodeIgniter->handleRequest()
#8 C:\Old Windows\Windows NT\System\work\germanschool\public\index.php(67): CodeIgniter\CodeIgniter->run()
#9 C:\Old Windows\Windows NT\System\work\germanschool\system\Commands\Server\rewrite.php(47): require_once('...')
#10 {main}
ERROR - 2023-01-13 05:07:00 --> mysqli_sql_exception: Table 'flc.flcenrollment' doesn't exist in C:\Old Windows\Windows NT\System\work\germanschool\system\Database\MySQLi\Connection.php:292
Stack trace:
#0 C:\Old Windows\Windows NT\System\work\germanschool\system\Database\MySQLi\Connection.php(292): mysqli->query()
#1 C:\Old Windows\Windows NT\System\work\germanschool\system\Database\BaseConnection.php(666): CodeIgniter\Database\MySQLi\Connection->execute()
#2 C:\Old Windows\Windows NT\System\work\germanschool\system\Database\BaseConnection.php(593): CodeIgniter\Database\BaseConnection->simpleQuery()
#3 C:\Old Windows\Windows NT\System\work\germanschool\system\Database\BaseBuilder.php(1916): CodeIgniter\Database\BaseConnection->query()
#4 C:\Old Windows\Windows NT\System\work\germanschool\app\Controllers\Home.php(175): CodeIgniter\Database\BaseBuilder->insert()
#5 C:\Old Windows\Windows NT\System\work\germanschool\system\CodeIgniter.php(925): App\Controllers\Home->Enrollment()
#6 C:\Old Windows\Windows NT\System\work\germanschool\system\CodeIgniter.php(480): CodeIgniter\CodeIgniter->runController()
#7 C:\Old Windows\Windows NT\System\work\germanschool\system\CodeIgniter.php(349): CodeIgniter\CodeIgniter->handleRequest()
#8 C:\Old Windows\Windows NT\System\work\germanschool\public\index.php(67): CodeIgniter\CodeIgniter->run()
#9 C:\Old Windows\Windows NT\System\work\germanschool\system\Commands\Server\rewrite.php(47): require_once('...')
#10 {main}
ERROR - 2023-01-13 05:12:22 --> mysqli_sql_exception: Table 'flc.flcenrollment' doesn't exist in C:\Old Windows\Windows NT\System\work\germanschool\system\Database\MySQLi\Connection.php:292
Stack trace:
#0 C:\Old Windows\Windows NT\System\work\germanschool\system\Database\MySQLi\Connection.php(292): mysqli->query()
#1 C:\Old Windows\Windows NT\System\work\germanschool\system\Database\BaseConnection.php(666): CodeIgniter\Database\MySQLi\Connection->execute()
#2 C:\Old Windows\Windows NT\System\work\germanschool\system\Database\BaseConnection.php(593): CodeIgniter\Database\BaseConnection->simpleQuery()
#3 C:\Old Windows\Windows NT\System\work\germanschool\system\Database\BaseBuilder.php(1916): CodeIgniter\Database\BaseConnection->query()
#4 C:\Old Windows\Windows NT\System\work\germanschool\app\Controllers\Home.php(175): CodeIgniter\Database\BaseBuilder->insert()
#5 C:\Old Windows\Windows NT\System\work\germanschool\system\CodeIgniter.php(925): App\Controllers\Home->Enrollment()
#6 C:\Old Windows\Windows NT\System\work\germanschool\system\CodeIgniter.php(480): CodeIgniter\CodeIgniter->runController()
#7 C:\Old Windows\Windows NT\System\work\germanschool\system\CodeIgniter.php(349): CodeIgniter\CodeIgniter->handleRequest()
#8 C:\Old Windows\Windows NT\System\work\germanschool\public\index.php(67): CodeIgniter\CodeIgniter->run()
#9 C:\Old Windows\Windows NT\System\work\germanschool\system\Commands\Server\rewrite.php(47): require_once('...')
#10 {main}
ERROR - 2023-01-13 05:12:24 --> mysqli_sql_exception: Table 'flc.flcenrollment' doesn't exist in C:\Old Windows\Windows NT\System\work\germanschool\system\Database\MySQLi\Connection.php:292
Stack trace:
#0 C:\Old Windows\Windows NT\System\work\germanschool\system\Database\MySQLi\Connection.php(292): mysqli->query()
#1 C:\Old Windows\Windows NT\System\work\germanschool\system\Database\BaseConnection.php(666): CodeIgniter\Database\MySQLi\Connection->execute()
#2 C:\Old Windows\Windows NT\System\work\germanschool\system\Database\BaseConnection.php(593): CodeIgniter\Database\BaseConnection->simpleQuery()
#3 C:\Old Windows\Windows NT\System\work\germanschool\system\Database\BaseBuilder.php(1916): CodeIgniter\Database\BaseConnection->query()
#4 C:\Old Windows\Windows NT\System\work\germanschool\app\Controllers\Home.php(175): CodeIgniter\Database\BaseBuilder->insert()
#5 C:\Old Windows\Windows NT\System\work\germanschool\system\CodeIgniter.php(925): App\Controllers\Home->Enrollment()
#6 C:\Old Windows\Windows NT\System\work\germanschool\system\CodeIgniter.php(480): CodeIgniter\CodeIgniter->runController()
#7 C:\Old Windows\Windows NT\System\work\germanschool\system\CodeIgniter.php(349): CodeIgniter\CodeIgniter->handleRequest()
#8 C:\Old Windows\Windows NT\System\work\germanschool\public\index.php(67): CodeIgniter\CodeIgniter->run()
#9 C:\Old Windows\Windows NT\System\work\germanschool\system\Commands\Server\rewrite.php(47): require_once('...')
#10 {main}
ERROR - 2023-01-13 05:12:24 --> mysqli_sql_exception: Table 'flc.flcenrollment' doesn't exist in C:\Old Windows\Windows NT\System\work\germanschool\system\Database\MySQLi\Connection.php:292
Stack trace:
#0 C:\Old Windows\Windows NT\System\work\germanschool\system\Database\MySQLi\Connection.php(292): mysqli->query()
#1 C:\Old Windows\Windows NT\System\work\germanschool\system\Database\BaseConnection.php(666): CodeIgniter\Database\MySQLi\Connection->execute()
#2 C:\Old Windows\Windows NT\System\work\germanschool\system\Database\BaseConnection.php(593): CodeIgniter\Database\BaseConnection->simpleQuery()
#3 C:\Old Windows\Windows NT\System\work\germanschool\system\Database\BaseBuilder.php(1916): CodeIgniter\Database\BaseConnection->query()
#4 C:\Old Windows\Windows NT\System\work\germanschool\app\Controllers\Home.php(175): CodeIgniter\Database\BaseBuilder->insert()
#5 C:\Old Windows\Windows NT\System\work\germanschool\system\CodeIgniter.php(925): App\Controllers\Home->Enrollment()
#6 C:\Old Windows\Windows NT\System\work\germanschool\system\CodeIgniter.php(480): CodeIgniter\CodeIgniter->runController()
#7 C:\Old Windows\Windows NT\System\work\germanschool\system\CodeIgniter.php(349): CodeIgniter\CodeIgniter->handleRequest()
#8 C:\Old Windows\Windows NT\System\work\germanschool\public\index.php(67): CodeIgniter\CodeIgniter->run()
#9 C:\Old Windows\Windows NT\System\work\germanschool\system\Commands\Server\rewrite.php(47): require_once('...')
#10 {main}
ERROR - 2023-01-13 05:12:25 --> mysqli_sql_exception: Table 'flc.flcenrollment' doesn't exist in C:\Old Windows\Windows NT\System\work\germanschool\system\Database\MySQLi\Connection.php:292
Stack trace:
#0 C:\Old Windows\Windows NT\System\work\germanschool\system\Database\MySQLi\Connection.php(292): mysqli->query()
#1 C:\Old Windows\Windows NT\System\work\germanschool\system\Database\BaseConnection.php(666): CodeIgniter\Database\MySQLi\Connection->execute()
#2 C:\Old Windows\Windows NT\System\work\germanschool\system\Database\BaseConnection.php(593): CodeIgniter\Database\BaseConnection->simpleQuery()
#3 C:\Old Windows\Windows NT\System\work\germanschool\system\Database\BaseBuilder.php(1916): CodeIgniter\Database\BaseConnection->query()
#4 C:\Old Windows\Windows NT\System\work\germanschool\app\Controllers\Home.php(175): CodeIgniter\Database\BaseBuilder->insert()
#5 C:\Old Windows\Windows NT\System\work\germanschool\system\CodeIgniter.php(925): App\Controllers\Home->Enrollment()
#6 C:\Old Windows\Windows NT\System\work\germanschool\system\CodeIgniter.php(480): CodeIgniter\CodeIgniter->runController()
#7 C:\Old Windows\Windows NT\System\work\germanschool\system\CodeIgniter.php(349): CodeIgniter\CodeIgniter->handleRequest()
#8 C:\Old Windows\Windows NT\System\work\germanschool\public\index.php(67): CodeIgniter\CodeIgniter->run()
#9 C:\Old Windows\Windows NT\System\work\germanschool\system\Commands\Server\rewrite.php(47): require_once('...')
#10 {main}
CRITICAL - 2023-01-13 05:13:30 --> Undefined array key "userid"
in APPPATH\Controllers\Home.php on line 34.
 1 APPPATH\Controllers\Home.php(34): CodeIgniter\Debug\Exceptions->errorHandler()
 2 SYSTEMPATH\CodeIgniter.php(925): App\Controllers\Home->loginfunc()
 3 SYSTEMPATH\CodeIgniter.php(480): CodeIgniter\CodeIgniter->runController()
 4 SYSTEMPATH\CodeIgniter.php(349): CodeIgniter\CodeIgniter->handleRequest()
 5 FCPATH\index.php(67): CodeIgniter\CodeIgniter->run()
 6 SYSTEMPATH\Commands\Server\rewrite.php(47): require_once('FCPATH\\index.php')
