CRITICAL - 2023-01-19 00:40:32 --> Undefined variable $error
in APPPATH\Views\Loginstaff.php on line 36.
 1 APPPATH\Views\Loginstaff.php(36): CodeIgniter\Debug\Exceptions->errorHandler()
 2 SYSTEMPATH\View\View.php(213): include('APPPATH\\Views\\Loginstaff.php')
 3 SYSTEMPATH\View\View.php(216): CodeIgniter\View\View->CodeIgniter\View\{closure}()
 4 SYSTEMPATH\Common.php(1135): CodeIgniter\View\View->render()
 5 APPPATH\Controllers\Admin.php(23): view()
 6 SYSTEMPATH\CodeIgniter.php(925): App\Controllers\Admin->Loginstaff()
 7 SYSTEMPATH\CodeIgniter.php(480): CodeIgniter\CodeIgniter->runController()
 8 SYSTEMPATH\CodeIgniter.php(349): CodeIgniter\CodeIgniter->handleRequest()
 9 FCPATH\index.php(67): CodeIgniter\CodeIgniter->run()
10 SYSTEMPATH\Commands\Server\rewrite.php(47): require_once('FCPATH\\index.php')
CRITICAL - 2023-01-19 00:40:40 --> Undefined variable $error
in APPPATH\Views\Login.php on line 36.
 1 APPPATH\Views\Login.php(36): CodeIgniter\Debug\Exceptions->errorHandler()
 2 SYSTEMPATH\View\View.php(213): include('APPPATH\\Views\\Login.php')
 3 SYSTEMPATH\View\View.php(216): CodeIgniter\View\View->CodeIgniter\View\{closure}()
 4 SYSTEMPATH\Common.php(1135): CodeIgniter\View\View->render()
 5 APPPATH\Controllers\Home.php(18): view()
 6 SYSTEMPATH\CodeIgniter.php(925): App\Controllers\Home->Login()
 7 SYSTEMPATH\CodeIgniter.php(480): CodeIgniter\CodeIgniter->runController()
 8 SYSTEMPATH\CodeIgniter.php(349): CodeIgniter\CodeIgniter->handleRequest()
 9 FCPATH\index.php(67): CodeIgniter\CodeIgniter->run()
10 SYSTEMPATH\Commands\Server\rewrite.php(47): require_once('FCPATH\\index.php')
CRITICAL - 2023-01-19 03:10:12 --> Invalid file: Feestructureportuguese.php
in SYSTEMPATH\Exceptions\FrameworkException.php on line 33.
 1 SYSTEMPATH\View\View.php(201): CodeIgniter\Exceptions\FrameworkException::forInvalidFile()
 2 SYSTEMPATH\Common.php(1135): CodeIgniter\View\View->render()
 3 APPPATH\Controllers\Home.php(154): view()
 4 SYSTEMPATH\CodeIgniter.php(925): App\Controllers\Home->Feestructureportuguese()
 5 SYSTEMPATH\CodeIgniter.php(480): CodeIgniter\CodeIgniter->runController()
 6 SYSTEMPATH\CodeIgniter.php(349): CodeIgniter\CodeIgniter->handleRequest()
 7 FCPATH\index.php(67): CodeIgniter\CodeIgniter->run()
 8 SYSTEMPATH\Commands\Server\rewrite.php(47): require_once('FCPATH\\index.php')
CRITICAL - 2023-01-19 03:41:17 --> Undefined variable $insert
in APPPATH\Views\Admission.php on line 40.
 1 APPPATH\Views\Admission.php(40): CodeIgniter\Debug\Exceptions->errorHandler()
 2 SYSTEMPATH\View\View.php(213): include('APPPATH\\Views\\Admission.php')
 3 SYSTEMPATH\View\View.php(216): CodeIgniter\View\View->CodeIgniter\View\{closure}()
 4 SYSTEMPATH\Common.php(1135): CodeIgniter\View\View->render()
 5 APPPATH\Controllers\Home.php(170): view()
 6 SYSTEMPATH\CodeIgniter.php(925): App\Controllers\Home->Admission()
 7 SYSTEMPATH\CodeIgniter.php(480): CodeIgniter\CodeIgniter->runController()
 8 SYSTEMPATH\CodeIgniter.php(349): CodeIgniter\CodeIgniter->handleRequest()
 9 FCPATH\index.php(67): CodeIgniter\CodeIgniter->run()
10 SYSTEMPATH\Commands\Server\rewrite.php(47): require_once('FCPATH\\index.php')
CRITICAL - 2023-01-19 03:46:38 --> Undefined variable $insert
in APPPATH\Views\Admission.php on line 40.
 1 APPPATH\Views\Admission.php(40): CodeIgniter\Debug\Exceptions->errorHandler()
 2 SYSTEMPATH\View\View.php(213): include('APPPATH\\Views\\Admission.php')
 3 SYSTEMPATH\View\View.php(216): CodeIgniter\View\View->CodeIgniter\View\{closure}()
 4 SYSTEMPATH\Common.php(1135): CodeIgniter\View\View->render()
 5 APPPATH\Controllers\Home.php(170): view()
 6 SYSTEMPATH\CodeIgniter.php(925): App\Controllers\Home->Admission()
 7 SYSTEMPATH\CodeIgniter.php(480): CodeIgniter\CodeIgniter->runController()
 8 SYSTEMPATH\CodeIgniter.php(349): CodeIgniter\CodeIgniter->handleRequest()
 9 FCPATH\index.php(67): CodeIgniter\CodeIgniter->run()
10 SYSTEMPATH\Commands\Server\rewrite.php(47): require_once('FCPATH\\index.php')
CRITICAL - 2023-01-19 03:46:41 --> Undefined variable $insert
in APPPATH\Views\Admission.php on line 40.
 1 APPPATH\Views\Admission.php(40): CodeIgniter\Debug\Exceptions->errorHandler()
 2 SYSTEMPATH\View\View.php(213): include('APPPATH\\Views\\Admission.php')
 3 SYSTEMPATH\View\View.php(216): CodeIgniter\View\View->CodeIgniter\View\{closure}()
 4 SYSTEMPATH\Common.php(1135): CodeIgniter\View\View->render()
 5 APPPATH\Controllers\Home.php(170): view()
 6 SYSTEMPATH\CodeIgniter.php(925): App\Controllers\Home->Admission()
 7 SYSTEMPATH\CodeIgniter.php(480): CodeIgniter\CodeIgniter->runController()
 8 SYSTEMPATH\CodeIgniter.php(349): CodeIgniter\CodeIgniter->handleRequest()
 9 FCPATH\index.php(67): CodeIgniter\CodeIgniter->run()
10 SYSTEMPATH\Commands\Server\rewrite.php(47): require_once('FCPATH\\index.php')
CRITICAL - 2023-01-19 03:52:35 --> Undefined variable $insert
in APPPATH\Views\Admission.php on line 40.
 1 APPPATH\Views\Admission.php(40): CodeIgniter\Debug\Exceptions->errorHandler()
 2 SYSTEMPATH\View\View.php(213): include('APPPATH\\Views\\Admission.php')
 3 SYSTEMPATH\View\View.php(216): CodeIgniter\View\View->CodeIgniter\View\{closure}()
 4 SYSTEMPATH\Common.php(1135): CodeIgniter\View\View->render()
 5 APPPATH\Controllers\Home.php(170): view()
 6 SYSTEMPATH\CodeIgniter.php(925): App\Controllers\Home->Admission()
 7 SYSTEMPATH\CodeIgniter.php(480): CodeIgniter\CodeIgniter->runController()
 8 SYSTEMPATH\CodeIgniter.php(349): CodeIgniter\CodeIgniter->handleRequest()
 9 FCPATH\index.php(67): CodeIgniter\CodeIgniter->run()
10 SYSTEMPATH\Commands\Server\rewrite.php(47): require_once('FCPATH\\index.php')
CRITICAL - 2023-01-19 04:15:06 --> Undefined variable $error
in APPPATH\Views\Login.php on line 36.
 1 APPPATH\Views\Login.php(36): CodeIgniter\Debug\Exceptions->errorHandler()
 2 SYSTEMPATH\View\View.php(213): include('APPPATH\\Views\\Login.php')
 3 SYSTEMPATH\View\View.php(216): CodeIgniter\View\View->CodeIgniter\View\{closure}()
 4 SYSTEMPATH\Common.php(1135): CodeIgniter\View\View->render()
 5 APPPATH\Controllers\Home.php(18): view()
 6 SYSTEMPATH\CodeIgniter.php(925): App\Controllers\Home->Login()
 7 SYSTEMPATH\CodeIgniter.php(480): CodeIgniter\CodeIgniter->runController()
 8 SYSTEMPATH\CodeIgniter.php(349): CodeIgniter\CodeIgniter->handleRequest()
 9 FCPATH\index.php(67): CodeIgniter\CodeIgniter->run()
10 SYSTEMPATH\Commands\Server\rewrite.php(47): require_once('FCPATH\\index.php')
CRITICAL - 2023-01-19 04:15:14 --> Undefined variable $insert
in APPPATH\Views\Admission.php on line 40.
 1 APPPATH\Views\Admission.php(40): CodeIgniter\Debug\Exceptions->errorHandler()
 2 SYSTEMPATH\View\View.php(213): include('APPPATH\\Views\\Admission.php')
 3 SYSTEMPATH\View\View.php(216): CodeIgniter\View\View->CodeIgniter\View\{closure}()
 4 SYSTEMPATH\Common.php(1135): CodeIgniter\View\View->render()
 5 APPPATH\Controllers\Home.php(170): view()
 6 SYSTEMPATH\CodeIgniter.php(925): App\Controllers\Home->Admission()
 7 SYSTEMPATH\CodeIgniter.php(480): CodeIgniter\CodeIgniter->runController()
 8 SYSTEMPATH\CodeIgniter.php(349): CodeIgniter\CodeIgniter->handleRequest()
 9 FCPATH\index.php(67): CodeIgniter\CodeIgniter->run()
10 SYSTEMPATH\Commands\Server\rewrite.php(47): require_once('FCPATH\\index.php')
CRITICAL - 2023-01-19 04:17:51 --> Undefined variable $insert
in APPPATH\Views\Scholarship.php on line 41.
 1 APPPATH\Views\Scholarship.php(41): CodeIgniter\Debug\Exceptions->errorHandler()
 2 SYSTEMPATH\View\View.php(213): include('APPPATH\\Views\\Scholarship.php')
 3 SYSTEMPATH\View\View.php(216): CodeIgniter\View\View->CodeIgniter\View\{closure}()
 4 SYSTEMPATH\Common.php(1135): CodeIgniter\View\View->render()
 5 APPPATH\Controllers\Home.php(182): view()
 6 SYSTEMPATH\CodeIgniter.php(925): App\Controllers\Home->Scholarship()
 7 SYSTEMPATH\CodeIgniter.php(480): CodeIgniter\CodeIgniter->runController()
 8 SYSTEMPATH\CodeIgniter.php(349): CodeIgniter\CodeIgniter->handleRequest()
 9 FCPATH\index.php(67): CodeIgniter\CodeIgniter->run()
10 SYSTEMPATH\Commands\Server\rewrite.php(47): require_once('FCPATH\\index.php')
CRITICAL - 2023-01-19 04:21:29 --> Undefined variable $insert
in APPPATH\Views\Scholarship.php on line 41.
 1 APPPATH\Views\Scholarship.php(41): CodeIgniter\Debug\Exceptions->errorHandler()
 2 SYSTEMPATH\View\View.php(213): include('APPPATH\\Views\\Scholarship.php')
 3 SYSTEMPATH\View\View.php(216): CodeIgniter\View\View->CodeIgniter\View\{closure}()
 4 SYSTEMPATH\Common.php(1135): CodeIgniter\View\View->render()
 5 APPPATH\Controllers\Home.php(182): view()
 6 SYSTEMPATH\CodeIgniter.php(925): App\Controllers\Home->Scholarship()
 7 SYSTEMPATH\CodeIgniter.php(480): CodeIgniter\CodeIgniter->runController()
 8 SYSTEMPATH\CodeIgniter.php(349): CodeIgniter\CodeIgniter->handleRequest()
 9 FCPATH\index.php(67): CodeIgniter\CodeIgniter->run()
10 SYSTEMPATH\Commands\Server\rewrite.php(47): require_once('FCPATH\\index.php')
CRITICAL - 2023-01-19 04:48:23 --> Use of undefined constant MYSQLI_STORE_RESULT - assumed 'MYSQLI_STORE_RESULT' (this will throw an Error in a future version of PHP)
in SYSTEMPATH/Database/Database.php on line 136.
 1 SYSTEMPATH/Database/Database.php(136): CodeIgniter\Debug\Exceptions->errorHandler()
 2 SYSTEMPATH/Database/Database.php(56): CodeIgniter\Database\Database->initDriver()
 3 SYSTEMPATH/Database/Config.php(82): CodeIgniter\Database\Database->load()
 4 APPPATH/Controllers/Home.php(245): CodeIgniter\Database\Config::connect()
 5 SYSTEMPATH/CodeIgniter.php(925): App\Controllers\Home->Applyscholarship()
 6 SYSTEMPATH/CodeIgniter.php(480): CodeIgniter\CodeIgniter->runController()
 7 SYSTEMPATH/CodeIgniter.php(349): CodeIgniter\CodeIgniter->handleRequest()
 8 FCPATH/index.php(67): CodeIgniter\CodeIgniter->run()
 9 SYSTEMPATH/Commands/Server/rewrite.php(47): require_once('FCPATH/index.php')
CRITICAL - 2023-01-19 04:54:46 --> Use of undefined constant MYSQLI_STORE_RESULT - assumed 'MYSQLI_STORE_RESULT' (this will throw an Error in a future version of PHP)
in SYSTEMPATH/Database/Database.php on line 136.
 1 SYSTEMPATH/Database/Database.php(136): CodeIgniter\Debug\Exceptions->errorHandler()
 2 SYSTEMPATH/Database/Database.php(56): CodeIgniter\Database\Database->initDriver()
 3 SYSTEMPATH/Database/Config.php(82): CodeIgniter\Database\Database->load()
 4 APPPATH/Controllers/Home.php(245): CodeIgniter\Database\Config::connect()
 5 SYSTEMPATH/CodeIgniter.php(925): App\Controllers\Home->Applyscholarship()
 6 SYSTEMPATH/CodeIgniter.php(480): CodeIgniter\CodeIgniter->runController()
 7 SYSTEMPATH/CodeIgniter.php(349): CodeIgniter\CodeIgniter->handleRequest()
 8 FCPATH/index.php(67): CodeIgniter\CodeIgniter->run()
 9 SYSTEMPATH/Commands/Server/rewrite.php(47): require_once('FCPATH/index.php')
CRITICAL - 2023-01-19 04:54:49 --> Use of undefined constant MYSQLI_STORE_RESULT - assumed 'MYSQLI_STORE_RESULT' (this will throw an Error in a future version of PHP)
in SYSTEMPATH/Database/Database.php on line 136.
 1 SYSTEMPATH/Database/Database.php(136): CodeIgniter\Debug\Exceptions->errorHandler()
 2 SYSTEMPATH/Database/Database.php(56): CodeIgniter\Database\Database->initDriver()
 3 SYSTEMPATH/Database/Config.php(82): CodeIgniter\Database\Database->load()
 4 APPPATH/Controllers/Home.php(245): CodeIgniter\Database\Config::connect()
 5 SYSTEMPATH/CodeIgniter.php(925): App\Controllers\Home->Applyscholarship()
 6 SYSTEMPATH/CodeIgniter.php(480): CodeIgniter\CodeIgniter->runController()
 7 SYSTEMPATH/CodeIgniter.php(349): CodeIgniter\CodeIgniter->handleRequest()
 8 FCPATH/index.php(67): CodeIgniter\CodeIgniter->run()
 9 SYSTEMPATH/Commands/Server/rewrite.php(47): require_once('FCPATH/index.php')
CRITICAL - 2023-01-19 04:55:16 --> Use of undefined constant MYSQLI_STORE_RESULT - assumed 'MYSQLI_STORE_RESULT' (this will throw an Error in a future version of PHP)
in SYSTEMPATH/Database/Database.php on line 136.
 1 SYSTEMPATH/Database/Database.php(136): CodeIgniter\Debug\Exceptions->errorHandler()
 2 SYSTEMPATH/Database/Database.php(56): CodeIgniter\Database\Database->initDriver()
 3 SYSTEMPATH/Database/Config.php(82): CodeIgniter\Database\Database->load()
 4 APPPATH/Controllers/Home.php(245): CodeIgniter\Database\Config::connect()
 5 SYSTEMPATH/CodeIgniter.php(925): App\Controllers\Home->Applyscholarship()
 6 SYSTEMPATH/CodeIgniter.php(480): CodeIgniter\CodeIgniter->runController()
 7 SYSTEMPATH/CodeIgniter.php(349): CodeIgniter\CodeIgniter->handleRequest()
 8 FCPATH/index.php(67): CodeIgniter\CodeIgniter->run()
 9 SYSTEMPATH/Commands/Server/rewrite.php(47): require_once('FCPATH/index.php')
CRITICAL - 2023-01-19 04:55:47 --> Use of undefined constant MYSQLI_STORE_RESULT - assumed 'MYSQLI_STORE_RESULT' (this will throw an Error in a future version of PHP)
in SYSTEMPATH/Database/Database.php on line 136.
 1 SYSTEMPATH/Database/Database.php(136): CodeIgniter\Debug\Exceptions->errorHandler()
 2 SYSTEMPATH/Database/Database.php(56): CodeIgniter\Database\Database->initDriver()
 3 SYSTEMPATH/Database/Config.php(82): CodeIgniter\Database\Database->load()
 4 APPPATH/Controllers/Home.php(245): CodeIgniter\Database\Config::connect()
 5 SYSTEMPATH/CodeIgniter.php(925): App\Controllers\Home->Applyscholarship()
 6 SYSTEMPATH/CodeIgniter.php(480): CodeIgniter\CodeIgniter->runController()
 7 SYSTEMPATH/CodeIgniter.php(349): CodeIgniter\CodeIgniter->handleRequest()
 8 FCPATH/index.php(67): CodeIgniter\CodeIgniter->run()
 9 SYSTEMPATH/Commands/Server/rewrite.php(47): require_once('FCPATH/index.php')
CRITICAL - 2023-01-19 04:56:04 --> Use of undefined constant MYSQLI_STORE_RESULT - assumed 'MYSQLI_STORE_RESULT' (this will throw an Error in a future version of PHP)
in SYSTEMPATH/Database/Database.php on line 136.
 1 SYSTEMPATH/Database/Database.php(136): CodeIgniter\Debug\Exceptions->errorHandler()
 2 SYSTEMPATH/Database/Database.php(56): CodeIgniter\Database\Database->initDriver()
 3 SYSTEMPATH/Database/Config.php(82): CodeIgniter\Database\Database->load()
 4 APPPATH/Controllers/Home.php(245): CodeIgniter\Database\Config::connect()
 5 SYSTEMPATH/CodeIgniter.php(925): App\Controllers\Home->Applyscholarship()
 6 SYSTEMPATH/CodeIgniter.php(480): CodeIgniter\CodeIgniter->runController()
 7 SYSTEMPATH/CodeIgniter.php(349): CodeIgniter\CodeIgniter->handleRequest()
 8 FCPATH/index.php(67): CodeIgniter\CodeIgniter->run()
 9 SYSTEMPATH/Commands/Server/rewrite.php(47): require_once('FCPATH/index.php')
CRITICAL - 2023-01-19 04:56:16 --> Use of undefined constant MYSQLI_STORE_RESULT - assumed 'MYSQLI_STORE_RESULT' (this will throw an Error in a future version of PHP)
in SYSTEMPATH/Database/Database.php on line 136.
 1 SYSTEMPATH/Database/Database.php(136): CodeIgniter\Debug\Exceptions->errorHandler()
 2 SYSTEMPATH/Database/Database.php(56): CodeIgniter\Database\Database->initDriver()
 3 SYSTEMPATH/Database/Config.php(82): CodeIgniter\Database\Database->load()
 4 APPPATH/Controllers/Home.php(245): CodeIgniter\Database\Config::connect()
 5 SYSTEMPATH/CodeIgniter.php(925): App\Controllers\Home->Applyscholarship()
 6 SYSTEMPATH/CodeIgniter.php(480): CodeIgniter\CodeIgniter->runController()
 7 SYSTEMPATH/CodeIgniter.php(349): CodeIgniter\CodeIgniter->handleRequest()
 8 FCPATH/index.php(67): CodeIgniter\CodeIgniter->run()
 9 SYSTEMPATH/Commands/Server/rewrite.php(47): require_once('FCPATH/index.php')
CRITICAL - 2023-01-19 04:56:18 --> Use of undefined constant MYSQLI_STORE_RESULT - assumed 'MYSQLI_STORE_RESULT' (this will throw an Error in a future version of PHP)
in SYSTEMPATH/Database/Database.php on line 136.
 1 SYSTEMPATH/Database/Database.php(136): CodeIgniter\Debug\Exceptions->errorHandler()
 2 SYSTEMPATH/Database/Database.php(56): CodeIgniter\Database\Database->initDriver()
 3 SYSTEMPATH/Database/Config.php(82): CodeIgniter\Database\Database->load()
 4 APPPATH/Controllers/Home.php(245): CodeIgniter\Database\Config::connect()
 5 SYSTEMPATH/CodeIgniter.php(925): App\Controllers\Home->Applyscholarship()
 6 SYSTEMPATH/CodeIgniter.php(480): CodeIgniter\CodeIgniter->runController()
 7 SYSTEMPATH/CodeIgniter.php(349): CodeIgniter\CodeIgniter->handleRequest()
 8 FCPATH/index.php(67): CodeIgniter\CodeIgniter->run()
 9 SYSTEMPATH/Commands/Server/rewrite.php(47): require_once('FCPATH/index.php')
CRITICAL - 2023-01-19 04:56:19 --> Use of undefined constant MYSQLI_STORE_RESULT - assumed 'MYSQLI_STORE_RESULT' (this will throw an Error in a future version of PHP)
in SYSTEMPATH/Database/Database.php on line 136.
 1 SYSTEMPATH/Database/Database.php(136): CodeIgniter\Debug\Exceptions->errorHandler()
 2 SYSTEMPATH/Database/Database.php(56): CodeIgniter\Database\Database->initDriver()
 3 SYSTEMPATH/Database/Config.php(82): CodeIgniter\Database\Database->load()
 4 APPPATH/Controllers/Home.php(245): CodeIgniter\Database\Config::connect()
 5 SYSTEMPATH/CodeIgniter.php(925): App\Controllers\Home->Applyscholarship()
 6 SYSTEMPATH/CodeIgniter.php(480): CodeIgniter\CodeIgniter->runController()
 7 SYSTEMPATH/CodeIgniter.php(349): CodeIgniter\CodeIgniter->handleRequest()
 8 FCPATH/index.php(67): CodeIgniter\CodeIgniter->run()
 9 SYSTEMPATH/Commands/Server/rewrite.php(47): require_once('FCPATH/index.php')
CRITICAL - 2023-01-19 04:58:04 --> Use of undefined constant MYSQLI_STORE_RESULT - assumed 'MYSQLI_STORE_RESULT' (this will throw an Error in a future version of PHP)
in SYSTEMPATH/Database/Database.php on line 136.
 1 SYSTEMPATH/Database/Database.php(136): CodeIgniter\Debug\Exceptions->errorHandler()
 2 SYSTEMPATH/Database/Database.php(56): CodeIgniter\Database\Database->initDriver()
 3 SYSTEMPATH/Database/Config.php(82): CodeIgniter\Database\Database->load()
 4 APPPATH/Controllers/Home.php(245): CodeIgniter\Database\Config::connect()
 5 SYSTEMPATH/CodeIgniter.php(925): App\Controllers\Home->Applyscholarship()
 6 SYSTEMPATH/CodeIgniter.php(480): CodeIgniter\CodeIgniter->runController()
 7 SYSTEMPATH/CodeIgniter.php(349): CodeIgniter\CodeIgniter->handleRequest()
 8 FCPATH/index.php(67): CodeIgniter\CodeIgniter->run()
 9 SYSTEMPATH/Commands/Server/rewrite.php(47): require_once('FCPATH/index.php')
CRITICAL - 2023-01-19 04:58:06 --> Use of undefined constant MYSQLI_STORE_RESULT - assumed 'MYSQLI_STORE_RESULT' (this will throw an Error in a future version of PHP)
in SYSTEMPATH/Database/Database.php on line 136.
 1 SYSTEMPATH/Database/Database.php(136): CodeIgniter\Debug\Exceptions->errorHandler()
 2 SYSTEMPATH/Database/Database.php(56): CodeIgniter\Database\Database->initDriver()
 3 SYSTEMPATH/Database/Config.php(82): CodeIgniter\Database\Database->load()
 4 APPPATH/Controllers/Home.php(245): CodeIgniter\Database\Config::connect()
 5 SYSTEMPATH/CodeIgniter.php(925): App\Controllers\Home->Applyscholarship()
 6 SYSTEMPATH/CodeIgniter.php(480): CodeIgniter\CodeIgniter->runController()
 7 SYSTEMPATH/CodeIgniter.php(349): CodeIgniter\CodeIgniter->handleRequest()
 8 FCPATH/index.php(67): CodeIgniter\CodeIgniter->run()
 9 SYSTEMPATH/Commands/Server/rewrite.php(47): require_once('FCPATH/index.php')
CRITICAL - 2023-01-19 04:59:13 --> Class 'CodeIgniter\Database\mysqli\Connection' not found
in SYSTEMPATH/Database/Database.php on line 136.
 1 SYSTEMPATH/Database/Database.php(56): CodeIgniter\Database\Database->initDriver()
 2 SYSTEMPATH/Database/Config.php(82): CodeIgniter\Database\Database->load()
 3 APPPATH/Controllers/Home.php(245): CodeIgniter\Database\Config::connect()
 4 SYSTEMPATH/CodeIgniter.php(925): App\Controllers\Home->Applyscholarship()
 5 SYSTEMPATH/CodeIgniter.php(480): CodeIgniter\CodeIgniter->runController()
 6 SYSTEMPATH/CodeIgniter.php(349): CodeIgniter\CodeIgniter->handleRequest()
 7 FCPATH/index.php(67): CodeIgniter\CodeIgniter->run()
 8 SYSTEMPATH/Commands/Server/rewrite.php(47): require_once('FCPATH/index.php')
CRITICAL - 2023-01-19 04:59:31 --> Class 'CodeIgniter\Database\mysqli\Connection' not found
in SYSTEMPATH/Database/Database.php on line 136.
 1 SYSTEMPATH/Database/Database.php(56): CodeIgniter\Database\Database->initDriver()
 2 SYSTEMPATH/Database/Config.php(82): CodeIgniter\Database\Database->load()
 3 APPPATH/Controllers/Home.php(245): CodeIgniter\Database\Config::connect()
 4 SYSTEMPATH/CodeIgniter.php(925): App\Controllers\Home->Applyscholarship()
 5 SYSTEMPATH/CodeIgniter.php(480): CodeIgniter\CodeIgniter->runController()
 6 SYSTEMPATH/CodeIgniter.php(349): CodeIgniter\CodeIgniter->handleRequest()
 7 FCPATH/index.php(67): CodeIgniter\CodeIgniter->run()
 8 SYSTEMPATH/Commands/Server/rewrite.php(47): require_once('FCPATH/index.php')
CRITICAL - 2023-01-19 05:02:21 --> Use of undefined constant MYSQLI_STORE_RESULT - assumed 'MYSQLI_STORE_RESULT' (this will throw an Error in a future version of PHP)
in SYSTEMPATH/Database/Database.php on line 136.
 1 SYSTEMPATH/Database/Database.php(136): CodeIgniter\Debug\Exceptions->errorHandler()
 2 SYSTEMPATH/Database/Database.php(56): CodeIgniter\Database\Database->initDriver()
 3 SYSTEMPATH/Database/Config.php(82): CodeIgniter\Database\Database->load()
 4 APPPATH/Controllers/Home.php(245): CodeIgniter\Database\Config::connect()
 5 SYSTEMPATH/CodeIgniter.php(925): App\Controllers\Home->Applyscholarship()
 6 SYSTEMPATH/CodeIgniter.php(480): CodeIgniter\CodeIgniter->runController()
 7 SYSTEMPATH/CodeIgniter.php(349): CodeIgniter\CodeIgniter->handleRequest()
 8 FCPATH/index.php(67): CodeIgniter\CodeIgniter->run()
 9 SYSTEMPATH/Commands/Server/rewrite.php(47): require_once('FCPATH/index.php')
CRITICAL - 2023-01-19 05:06:00 --> Use of undefined constant MYSQLI_STORE_RESULT - assumed 'MYSQLI_STORE_RESULT' (this will throw an Error in a future version of PHP)
in SYSTEMPATH/Database/Database.php on line 136.
 1 SYSTEMPATH/Database/Database.php(136): CodeIgniter\Debug\Exceptions->errorHandler()
 2 SYSTEMPATH/Database/Database.php(56): CodeIgniter\Database\Database->initDriver()
 3 SYSTEMPATH/Database/Config.php(82): CodeIgniter\Database\Database->load()
 4 APPPATH/Controllers/Home.php(245): CodeIgniter\Database\Config::connect()
 5 SYSTEMPATH/CodeIgniter.php(925): App\Controllers\Home->Applyscholarship()
 6 SYSTEMPATH/CodeIgniter.php(480): CodeIgniter\CodeIgniter->runController()
 7 SYSTEMPATH/CodeIgniter.php(349): CodeIgniter\CodeIgniter->handleRequest()
 8 FCPATH/index.php(67): CodeIgniter\CodeIgniter->run()
 9 SYSTEMPATH/Commands/Server/rewrite.php(47): require_once('FCPATH/index.php')
CRITICAL - 2023-01-19 05:08:38 --> Use of undefined constant MYSQLI_STORE_RESULT - assumed 'MYSQLI_STORE_RESULT' (this will throw an Error in a future version of PHP)
in SYSTEMPATH/Database/Database.php on line 136.
 1 SYSTEMPATH/Database/Database.php(136): CodeIgniter\Debug\Exceptions->errorHandler()
 2 SYSTEMPATH/Database/Database.php(56): CodeIgniter\Database\Database->initDriver()
 3 SYSTEMPATH/Database/Config.php(82): CodeIgniter\Database\Database->load()
 4 APPPATH/Controllers/Home.php(245): CodeIgniter\Database\Config::connect()
 5 SYSTEMPATH/CodeIgniter.php(925): App\Controllers\Home->Applyscholarship()
 6 SYSTEMPATH/CodeIgniter.php(480): CodeIgniter\CodeIgniter->runController()
 7 SYSTEMPATH/CodeIgniter.php(349): CodeIgniter\CodeIgniter->handleRequest()
 8 FCPATH/index.php(67): CodeIgniter\CodeIgniter->run()
 9 SYSTEMPATH/Commands/Server/rewrite.php(47): require_once('FCPATH/index.php')
CRITICAL - 2023-01-19 05:20:23 --> Use of undefined constant MYSQLI_STORE_RESULT - assumed 'MYSQLI_STORE_RESULT' (this will throw an Error in a future version of PHP)
in SYSTEMPATH/Database/Database.php on line 136.
 1 SYSTEMPATH/Database/Database.php(136): CodeIgniter\Debug\Exceptions->errorHandler()
 2 SYSTEMPATH/Database/Database.php(56): CodeIgniter\Database\Database->initDriver()
 3 SYSTEMPATH/Database/Config.php(82): CodeIgniter\Database\Database->load()
 4 APPPATH/Controllers/Home.php(245): CodeIgniter\Database\Config::connect()
 5 SYSTEMPATH/CodeIgniter.php(925): App\Controllers\Home->Applyscholarship()
 6 SYSTEMPATH/CodeIgniter.php(480): CodeIgniter\CodeIgniter->runController()
 7 SYSTEMPATH/CodeIgniter.php(349): CodeIgniter\CodeIgniter->handleRequest()
 8 FCPATH/index.php(67): CodeIgniter\CodeIgniter->run()
 9 SYSTEMPATH/Commands/Server/rewrite.php(47): require_once('FCPATH/index.php')
CRITICAL - 2023-01-19 05:20:25 --> Use of undefined constant MYSQLI_STORE_RESULT - assumed 'MYSQLI_STORE_RESULT' (this will throw an Error in a future version of PHP)
in SYSTEMPATH/Database/Database.php on line 136.
 1 SYSTEMPATH/Database/Database.php(136): CodeIgniter\Debug\Exceptions->errorHandler()
 2 SYSTEMPATH/Database/Database.php(56): CodeIgniter\Database\Database->initDriver()
 3 SYSTEMPATH/Database/Config.php(82): CodeIgniter\Database\Database->load()
 4 APPPATH/Controllers/Home.php(245): CodeIgniter\Database\Config::connect()
 5 SYSTEMPATH/CodeIgniter.php(925): App\Controllers\Home->Applyscholarship()
 6 SYSTEMPATH/CodeIgniter.php(480): CodeIgniter\CodeIgniter->runController()
 7 SYSTEMPATH/CodeIgniter.php(349): CodeIgniter\CodeIgniter->handleRequest()
 8 FCPATH/index.php(67): CodeIgniter\CodeIgniter->run()
 9 SYSTEMPATH/Commands/Server/rewrite.php(47): require_once('FCPATH/index.php')
CRITICAL - 2023-01-19 05:20:26 --> Use of undefined constant MYSQLI_STORE_RESULT - assumed 'MYSQLI_STORE_RESULT' (this will throw an Error in a future version of PHP)
in SYSTEMPATH/Database/Database.php on line 136.
 1 SYSTEMPATH/Database/Database.php(136): CodeIgniter\Debug\Exceptions->errorHandler()
 2 SYSTEMPATH/Database/Database.php(56): CodeIgniter\Database\Database->initDriver()
 3 SYSTEMPATH/Database/Config.php(82): CodeIgniter\Database\Database->load()
 4 APPPATH/Controllers/Home.php(245): CodeIgniter\Database\Config::connect()
 5 SYSTEMPATH/CodeIgniter.php(925): App\Controllers\Home->Applyscholarship()
 6 SYSTEMPATH/CodeIgniter.php(480): CodeIgniter\CodeIgniter->runController()
 7 SYSTEMPATH/CodeIgniter.php(349): CodeIgniter\CodeIgniter->handleRequest()
 8 FCPATH/index.php(67): CodeIgniter\CodeIgniter->run()
 9 SYSTEMPATH/Commands/Server/rewrite.php(47): require_once('FCPATH/index.php')
CRITICAL - 2023-01-19 05:20:27 --> Use of undefined constant MYSQLI_STORE_RESULT - assumed 'MYSQLI_STORE_RESULT' (this will throw an Error in a future version of PHP)
in SYSTEMPATH/Database/Database.php on line 136.
 1 SYSTEMPATH/Database/Database.php(136): CodeIgniter\Debug\Exceptions->errorHandler()
 2 SYSTEMPATH/Database/Database.php(56): CodeIgniter\Database\Database->initDriver()
 3 SYSTEMPATH/Database/Config.php(82): CodeIgniter\Database\Database->load()
 4 APPPATH/Controllers/Home.php(245): CodeIgniter\Database\Config::connect()
 5 SYSTEMPATH/CodeIgniter.php(925): App\Controllers\Home->Applyscholarship()
 6 SYSTEMPATH/CodeIgniter.php(480): CodeIgniter\CodeIgniter->runController()
 7 SYSTEMPATH/CodeIgniter.php(349): CodeIgniter\CodeIgniter->handleRequest()
 8 FCPATH/index.php(67): CodeIgniter\CodeIgniter->run()
 9 SYSTEMPATH/Commands/Server/rewrite.php(47): require_once('FCPATH/index.php')
CRITICAL - 2023-01-19 05:21:23 --> Use of undefined constant MYSQLI_STORE_RESULT - assumed 'MYSQLI_STORE_RESULT' (this will throw an Error in a future version of PHP)
in SYSTEMPATH/Database/Database.php on line 136.
 1 SYSTEMPATH/Database/Database.php(136): CodeIgniter\Debug\Exceptions->errorHandler()
 2 SYSTEMPATH/Database/Database.php(56): CodeIgniter\Database\Database->initDriver()
 3 SYSTEMPATH/Database/Config.php(82): CodeIgniter\Database\Database->load()
 4 APPPATH/Controllers/Home.php(245): CodeIgniter\Database\Config::connect()
 5 SYSTEMPATH/CodeIgniter.php(925): App\Controllers\Home->Applyscholarship()
 6 SYSTEMPATH/CodeIgniter.php(480): CodeIgniter\CodeIgniter->runController()
 7 SYSTEMPATH/CodeIgniter.php(349): CodeIgniter\CodeIgniter->handleRequest()
 8 FCPATH/index.php(67): CodeIgniter\CodeIgniter->run()
 9 SYSTEMPATH/Commands/Server/rewrite.php(47): require_once('FCPATH/index.php')
CRITICAL - 2023-01-19 05:21:25 --> Use of undefined constant MYSQLI_STORE_RESULT - assumed 'MYSQLI_STORE_RESULT' (this will throw an Error in a future version of PHP)
in SYSTEMPATH/Database/Database.php on line 136.
 1 SYSTEMPATH/Database/Database.php(136): CodeIgniter\Debug\Exceptions->errorHandler()
 2 SYSTEMPATH/Database/Database.php(56): CodeIgniter\Database\Database->initDriver()
 3 SYSTEMPATH/Database/Config.php(82): CodeIgniter\Database\Database->load()
 4 APPPATH/Controllers/Home.php(245): CodeIgniter\Database\Config::connect()
 5 SYSTEMPATH/CodeIgniter.php(925): App\Controllers\Home->Applyscholarship()
 6 SYSTEMPATH/CodeIgniter.php(480): CodeIgniter\CodeIgniter->runController()
 7 SYSTEMPATH/CodeIgniter.php(349): CodeIgniter\CodeIgniter->handleRequest()
 8 FCPATH/index.php(67): CodeIgniter\CodeIgniter->run()
 9 SYSTEMPATH/Commands/Server/rewrite.php(47): require_once('FCPATH/index.php')
CRITICAL - 2023-01-19 05:34:49 --> Use of undefined constant MYSQLI_STORE_RESULT - assumed 'MYSQLI_STORE_RESULT' (this will throw an Error in a future version of PHP)
in SYSTEMPATH/Database/Database.php on line 136.
 1 SYSTEMPATH/Database/Database.php(136): CodeIgniter\Debug\Exceptions->errorHandler()
 2 SYSTEMPATH/Database/Database.php(56): CodeIgniter\Database\Database->initDriver()
 3 SYSTEMPATH/Database/Config.php(82): CodeIgniter\Database\Database->load()
 4 APPPATH/Controllers/Home.php(245): CodeIgniter\Database\Config::connect()
 5 SYSTEMPATH/CodeIgniter.php(925): App\Controllers\Home->Applyscholarship()
 6 SYSTEMPATH/CodeIgniter.php(480): CodeIgniter\CodeIgniter->runController()
 7 SYSTEMPATH/CodeIgniter.php(349): CodeIgniter\CodeIgniter->handleRequest()
 8 FCPATH/index.php(67): CodeIgniter\CodeIgniter->run()
 9 SYSTEMPATH/Commands/Server/rewrite.php(47): require_once('FCPATH/index.php')
CRITICAL - 2023-01-19 05:39:11 --> Use of undefined constant MYSQLI_STORE_RESULT - assumed 'MYSQLI_STORE_RESULT' (this will throw an Error in a future version of PHP)
in SYSTEMPATH/Database/Database.php on line 136.
 1 SYSTEMPATH/Database/Database.php(136): CodeIgniter\Debug\Exceptions->errorHandler()
 2 SYSTEMPATH/Database/Database.php(56): CodeIgniter\Database\Database->initDriver()
 3 SYSTEMPATH/Database/Config.php(82): CodeIgniter\Database\Database->load()
 4 APPPATH/Controllers/Home.php(245): CodeIgniter\Database\Config::connect()
 5 SYSTEMPATH/CodeIgniter.php(925): App\Controllers\Home->Applyscholarship()
 6 SYSTEMPATH/CodeIgniter.php(480): CodeIgniter\CodeIgniter->runController()
 7 SYSTEMPATH/CodeIgniter.php(349): CodeIgniter\CodeIgniter->handleRequest()
 8 FCPATH/index.php(67): CodeIgniter\CodeIgniter->run()
 9 SYSTEMPATH/Commands/Server/rewrite.php(47): require_once('FCPATH/index.php')
>>>>>>> 9394002 (changes test)
